#
# A fatal error has been detected by the Java Runtime Environment:
#
#  SIGSEGV (0xb) at pc=0x0000000106365614, pid=5752, tid=775
#
# JRE version: Java(TM) SE Runtime Environment (10.0.2+13) (build 10.0.2+13)
# Java VM: Java HotSpot(TM) 64-Bit Server VM (10.0.2+13, mixed mode, tiered, compressed oops, g1 gc, bsd-amd64)
# Problematic frame:
# V  [libjvm.dylib+0x765614]  JavaThread::set_thread_state(JavaThreadState)+0x4
#
# No core dump will be written. Core dumps have been disabled. To enable core dumping, try "ulimit -c unlimited" before starting Java again
#
# If you would like to submit a bug report, please visit:
#   http://bugreport.java.com/bugreport/crash.jsp
#

---------------  S U M M A R Y ------------

Command Line: -javaagent:/Applications/IntelliJ IDEA.app/Contents/lib/idea_rt.jar=58934:/Applications/IntelliJ IDEA.app/Contents/bin -Dfile.encoding=UTF-8 main.java.upa.Main

Host: MacBookPro15,2 x86_64 2400 MHz, 8 cores, 16G, Darwin 18.7.0
Time: Sun Dec 15 14:25:40 2019 CET elapsed time: 17 seconds (0d 0h 0m 17s)

---------------  T H R E A D  ---------------

Current thread is native thread

Stack: [0x00007ffeea847000,0x00007ffeeb047000],  sp=0x00007ffeeb042a70,  free space=8174k
Native frames: (J=compiled Java code, A=aot compiled Java code, j=interpreted, Vv=VM code, C=native code)
V  [libjvm.dylib+0x765614]  JavaThread::set_thread_state(JavaThreadState)+0x4
V  [libjvm.dylib+0x765bb7]  ThreadStateTransition::transition_from_native(JavaThread*, JavaThreadState)+0x17
V  [libjvm.dylib+0x411014]  jni_PushLocalFrame+0x41
C  [libawt_lwawt.dylib+0x7065]  -[AWTView accessibilityAttributeValue:]+0xa3
C  [AppKit+0xf515f]  NSAccessibilityGetObjectForAttributeUsingLegacyAPI+0x173
C  [AppKit+0x6bfd7d]  NSAccessibilityPerformEntryPointObject.llvm.17169127097247684424+0x10
C  [AppKit+0x6bfebe]  _NSAccessibilityEntryPointValueForAttribute.llvm.17169127097247684424+0xa8
C  [AppKit+0xf3844]  NSAccessibilityChildren+0x29
C  [AppKit+0xf59b2]  NSAccessibilityUnignoredChildren+0xdc
C  [AppKit+0xf515f]  NSAccessibilityGetObjectForAttributeUsingLegacyAPI+0x173
C  [AppKit+0x6bfd7d]  NSAccessibilityPerformEntryPointObject.llvm.17169127097247684424+0x10
C  [AppKit+0x6bfebe]  _NSAccessibilityEntryPointValueForAttribute.llvm.17169127097247684424+0xa8
C  [AppKit+0xf3844]  NSAccessibilityChildren+0x29
C  [AppKit+0x3bdfc1]  -[NSView(NSViewAccessibility) _accessibilityBasicHitTest:]+0x96
C  [AppKit+0x3bdf11]  -[NSView(NSViewAccessibility) accessibilityHitTest:]+0x16
C  [AppKit+0x90daf0]  -[NSWindow(NSWindowAccessibility) accessibilityHitTest:]+0x13a
C  [AppKit+0x4e6430]  -[NSApplication(NSApplicationAccessibility) accessibilityHitTest:]+0x146
C  [AppKit+0x4bb16e]  CopyElementAtPosition+0x89
C  [HIServices+0x266c3]  _AXXMIGCopyElementAtPosition+0x121
C  [HIServices+0x2f7ac]  _XCopyElementAtPosition+0x162
C  [HIServices+0x5c9d]  mshMIGPerform+0xcb
C  [CoreFoundation+0x53347]  __CFRUNLOOP_IS_CALLING_OUT_TO_A_SOURCE1_PERFORM_FUNCTION__+0x29
C  [CoreFoundation+0x532a5]  __CFRunLoopDoSource1+0x20f
C  [CoreFoundation+0x3b29c]  __CFRunLoopRun+0x9dc
C  [CoreFoundation+0x3a66e]  CFRunLoopRunSpecific+0x1c7
C  [java+0x6bc3]  CreateExecutionEnvironment+0x191
C  [java+0x2ebc]  JLI_Launch+0x620
C  [java+0x1d4c]  main+0x180
C  [java+0x1bc4]  start+0x34


siginfo: si_signo: 11 (SIGSEGV), si_code: 1 (SEGV_MAPERR), si_addr: 0x00000000000002e8

Register to memory mapping:

RAX=
[error occurred during error reporting (printing register info), id 0xb]

Registers:
RAX=0x000000000000dead, RBX=0x0000000000000000, RCX=0x00000001107445c0, RDX=0x00007fff9934f388
RSP=0x00007ffeeb042a70, RBP=0x00007ffeeb042a70, RSI=0x0000000000000005, RDI=0x0000000000000000
R8 =0x00000001333bdf00, R9 =0x00000000000001ff, R10=0x0000000132acaff0, R11=0x00007f8b4f2d1b10
R12=0x00007fff691c2680, R13=0x00007f8b52c2ccd0, R14=0x0000000000000006, R15=0x00007f8b50196a70
RIP=0x0000000106365614, EFLAGS=0x0000000000010206, ERR=0x0000000000000006
  TRAPNO=0x000000000000000e

Top of Stack: (sp=0x00007ffeeb042a70)
0x00007ffeeb042a70:   00007ffeeb042a90 0000000106365bb7
0x00007ffeeb042a80:   0000000000000000 0000000000000004
0x00007ffeeb042a90:   00007ffeeb042af0 0000000106011014
0x00007ffeeb042aa0:   0000000000000000 0000000000000000
0x00007ffeeb042ab0:   00007f8b52c2ccd0 0000000000000000
0x00007ffeeb042ac0:   00000001333bdef0 0000000132ac64ed
0x00007ffeeb042ad0:   0000000000000000 00007f8b50196a70
0x00007ffeeb042ae0:   00007f8b52c2ccd0 00007fff691c2680
0x00007ffeeb042af0:   00007ffeeb042b30 0000000133340065
0x00007ffeeb042b00:   00007ffeeb042b30 00007fff3ea48b8b
0x00007ffeeb042b10:   0000000000000001 00007f8b52c2ccd0
0x00007ffeeb042b20:   00007fff3cbb7c13 00007fff9934f388
0x00007ffeeb042b30:   00007ffeeb042bc0 00007fff3c10915f
0x00007ffeeb042b40:   731d3943a16400dd 000000019934f388
0x00007ffeeb042b50:   731d3943a16400dd 00007fff3cbb72ec
0x00007ffeeb042b60:   00007ffeeb042b80 00007fff691db98b
0x00007ffeeb042b70:   00007fff9934dd28 ffff8074ad3d332f
0x00007ffeeb042b80:   00007ffeeb042bb0 00007fff691cba94
0x00007ffeeb042b90:   ffff8074ad3d332f 00007f8b52c2ccd0
0x00007ffeeb042ba0:   00007fff691c2680 00007f8b52c2ccd0
0x00007ffeeb042bb0:   00007fff9934f388 0000000000000001
0x00007ffeeb042bc0:   00007ffeeb042be0 00007fff3c6d3d7d
0x00007ffeeb042bd0:   00007fff99337358 00007f8b52c2ccd0
0x00007ffeeb042be0:   00007ffeeb042c70 00007fff3c6d3ebe
0x00007ffeeb042bf0:   00007ffeeb042c18 00007fff9934f388
0x00007ffeeb042c00:   00007ffeeb042c50 00007fff3c6d437c
0x00007ffeeb042c10:   00007fff9934f388 00007fffa1130070
0x00007ffeeb042c20:   00000000c2000000 00007fffa1130070
0x00007ffeeb042c30:   00000000c2000000 00007fff3c6d753b
0x00007ffeeb042c40:   00007fff99337358 00007f8b52c2ccd0
0x00007ffeeb042c50:   00007fff9934f388 0000000000000000
0x00007ffeeb042c60:   00007f8b52c2ccd0 00007f8b4f24ef00 

Instructions: (pc=0x0000000106365614)
0x00000001063655f4:   48 89 df 44 89 f6 5b 41 5e 5d e9 0d 00 00 00 66
0x0000000106365604:   66 66 66 2e 0f 1f 84 00 00 00 00 00 55 48 89 e5
0x0000000106365614:   89 b7 e8 02 00 00 5d c3 0f 1f 40 00 55 48 89 e5
0x0000000106365624:   be 01 00 00 00 5d e9 a1 03 00 00 90 55 48 89 e5 


---------------  P R O C E S S  ---------------

VM state:not at safepoint (normal execution)

VM Mutex/Monitor currently owned by a thread: None

Heap address: 0x00000006c0000000, size: 4096 MB, Compressed Oops mode: Zero based, Oop shift amount: 3
Narrow klass base: 0x0000000000000000, Narrow klass shift: 3
Compressed class space size: 1073741824 Address: 0x00000007c0000000

Heap:
 garbage-first heap   total 262144K, used 25125K [0x00000006c0000000, 0x00000007c0000000)
  region size 1024K, 19 young (19456K), 5 survivors (5120K)
 Metaspace       used 40208K, capacity 41184K, committed 41680K, reserved 1085440K
  class space    used 4851K, capacity 5317K, committed 5328K, reserved 1048576K
Heap Regions: E=young(eden), S=young(survivor), O=old, HS=humongous(starts), HC=humongous(continues), CS=collection set, F=free, A=archive, TS=gc time stamp, AC=allocation context, TAMS=top-at-mark-start (previous, next)
|   0|0x00000006c0000000, 0x00000006c0100000, 0x00000006c0100000|100%| O|  |TS  0|AC  0|TAMS 0x00000006c0100000, 0x00000006c0100000|
|   1|0x00000006c0100000, 0x00000006c0200000, 0x00000006c0200000|100%| O|  |TS  0|AC  0|TAMS 0x00000006c0200000, 0x00000006c0200000|
|   2|0x00000006c0200000, 0x00000006c0300000, 0x00000006c0300000|100%| O|  |TS  0|AC  0|TAMS 0x00000006c0300000, 0x00000006c0300000|
|   3|0x00000006c0300000, 0x00000006c0400000, 0x00000006c0400000|100%| O|  |TS  0|AC  0|TAMS 0x00000006c0400000, 0x00000006c0400000|
|   4|0x00000006c0400000, 0x00000006c0500000, 0x00000006c0500000|100%| O|  |TS  0|AC  0|TAMS 0x00000006c0500000, 0x00000006c0500000|
|   5|0x00000006c0500000, 0x00000006c0600000, 0x00000006c0600000|100%|HS|  |TS  0|AC  0|TAMS 0x00000006c0500000, 0x00000006c0500000|
|   6|0x00000006c0600000, 0x00000006c0700000, 0x00000006c0700000|100%|HC|  |TS  0|AC  0|TAMS 0x00000006c0600000, 0x00000006c0600000|
|   7|0x00000006c0700000, 0x00000006c0700000, 0x00000006c0800000|  0%| F|  |TS  0|AC  0|TAMS 0x00000006c0700000, 0x00000006c0700000|
|   8|0x00000006c0800000, 0x00000006c0800000, 0x00000006c0900000|  0%| F|  |TS  0|AC  0|TAMS 0x00000006c0800000, 0x00000006c0800000|
|   9|0x00000006c0900000, 0x00000006c0900000, 0x00000006c0a00000|  0%| F|  |TS  0|AC  0|TAMS 0x00000006c0900000, 0x00000006c0900000|
|  10|0x00000006c0a00000, 0x00000006c0a00000, 0x00000006c0b00000|  0%| F|  |TS  0|AC  0|TAMS 0x00000006c0a00000, 0x00000006c0a00000|
|  11|0x00000006c0b00000, 0x00000006c0b00000, 0x00000006c0c00000|  0%| F|  |TS  0|AC  0|TAMS 0x00000006c0b00000, 0x00000006c0b00000|
|  12|0x00000006c0c00000, 0x00000006c0c00000, 0x00000006c0d00000|  0%| F|  |TS  0|AC  0|TAMS 0x00000006c0c00000, 0x00000006c0c00000|
|  13|0x00000006c0d00000, 0x00000006c0d00000, 0x00000006c0e00000|  0%| F|  |TS  0|AC  0|TAMS 0x00000006c0d00000, 0x00000006c0d00000|
|  14|0x00000006c0e00000, 0x00000006c0e00000, 0x00000006c0f00000|  0%| F|  |TS  0|AC  0|TAMS 0x00000006c0e00000, 0x00000006c0e00000|
|  15|0x00000006c0f00000, 0x00000006c0f00000, 0x00000006c1000000|  0%| F|  |TS  0|AC  0|TAMS 0x00000006c0f00000, 0x00000006c0f00000|
|  16|0x00000006c1000000, 0x00000006c1000000, 0x00000006c1100000|  0%| F|  |TS  0|AC  0|TAMS 0x00000006c1000000, 0x00000006c1000000|
|  17|0x00000006c1100000, 0x00000006c1100000, 0x00000006c1200000|  0%| F|  |TS  0|AC  0|TAMS 0x00000006c1100000, 0x00000006c1100000|
|  18|0x00000006c1200000, 0x00000006c1200000, 0x00000006c1300000|  0%| F|  |TS  0|AC  0|TAMS 0x00000006c1200000, 0x00000006c1200000|
|  19|0x00000006c1300000, 0x00000006c1300000, 0x00000006c1400000|  0%| F|  |TS  0|AC  0|TAMS 0x00000006c1300000, 0x00000006c1300000|
|  20|0x00000006c1400000, 0x00000006c1400000, 0x00000006c1500000|  0%| F|  |TS  0|AC  0|TAMS 0x00000006c1400000, 0x00000006c1400000|
|  21|0x00000006c1500000, 0x00000006c1500000, 0x00000006c1600000|  0%| F|  |TS  0|AC  0|TAMS 0x00000006c1500000, 0x00000006c1500000|
|  22|0x00000006c1600000, 0x00000006c1600000, 0x00000006c1700000|  0%| F|  |TS  0|AC  0|TAMS 0x00000006c1600000, 0x00000006c1600000|
|  23|0x00000006c1700000, 0x00000006c1700000, 0x00000006c1800000|  0%| F|  |TS  0|AC  0|TAMS 0x00000006c1700000, 0x00000006c1700000|
|  24|0x00000006c1800000, 0x00000006c1800000, 0x00000006c1900000|  0%| F|  |TS  0|AC  0|TAMS 0x00000006c1800000, 0x00000006c1800000|
|  25|0x00000006c1900000, 0x00000006c1900000, 0x00000006c1a00000|  0%| F|  |TS  0|AC  0|TAMS 0x00000006c1900000, 0x00000006c1900000|
|  26|0x00000006c1a00000, 0x00000006c1a00000, 0x00000006c1b00000|  0%| F|  |TS  0|AC  0|TAMS 0x00000006c1a00000, 0x00000006c1a00000|
|  27|0x00000006c1b00000, 0x00000006c1b00000, 0x00000006c1c00000|  0%| F|  |TS  0|AC  0|TAMS 0x00000006c1b00000, 0x00000006c1b00000|
|  28|0x00000006c1c00000, 0x00000006c1c00000, 0x00000006c1d00000|  0%| F|  |TS  0|AC  0|TAMS 0x00000006c1c00000, 0x00000006c1c00000|
|  29|0x00000006c1d00000, 0x00000006c1d00000, 0x00000006c1e00000|  0%| F|  |TS  0|AC  0|TAMS 0x00000006c1d00000, 0x00000006c1d00000|
|  30|0x00000006c1e00000, 0x00000006c1e00000, 0x00000006c1f00000|  0%| F|  |TS  0|AC  0|TAMS 0x00000006c1e00000, 0x00000006c1e00000|
|  31|0x00000006c1f00000, 0x00000006c1f00000, 0x00000006c2000000|  0%| F|  |TS  0|AC  0|TAMS 0x00000006c1f00000, 0x00000006c1f00000|
|  32|0x00000006c2000000, 0x00000006c2000000, 0x00000006c2100000|  0%| F|  |TS  0|AC  0|TAMS 0x00000006c2000000, 0x00000006c2000000|
|  33|0x00000006c2100000, 0x00000006c2100000, 0x00000006c2200000|  0%| F|  |TS  0|AC  0|TAMS 0x00000006c2100000, 0x00000006c2100000|
|  34|0x00000006c2200000, 0x00000006c2200000, 0x00000006c2300000|  0%| F|  |TS  0|AC  0|TAMS 0x00000006c2200000, 0x00000006c2200000|
|  35|0x00000006c2300000, 0x00000006c2300000, 0x00000006c2400000|  0%| F|  |TS  0|AC  0|TAMS 0x00000006c2300000, 0x00000006c2300000|
|  36|0x00000006c2400000, 0x00000006c2400000, 0x00000006c2500000|  0%| F|  |TS  0|AC  0|TAMS 0x00000006c2400000, 0x00000006c2400000|
|  37|0x00000006c2500000, 0x00000006c2500000, 0x00000006c2600000|  0%| F|  |TS  0|AC  0|TAMS 0x00000006c2500000, 0x00000006c2500000|
|  38|0x00000006c2600000, 0x00000006c2600000, 0x00000006c2700000|  0%| F|  |TS  0|AC  0|TAMS 0x00000006c2600000, 0x00000006c2600000|
|  39|0x00000006c2700000, 0x00000006c2700000, 0x00000006c2800000|  0%| F|  |TS  0|AC  0|TAMS 0x00000006c2700000, 0x00000006c2700000|
|  40|0x00000006c2800000, 0x00000006c2800000, 0x00000006c2900000|  0%| F|  |TS  0|AC  0|TAMS 0x00000006c2800000, 0x00000006c2800000|
|  41|0x00000006c2900000, 0x00000006c2900000, 0x00000006c2a00000|  0%| F|  |TS  0|AC  0|TAMS 0x00000006c2900000, 0x00000006c2900000|
|  42|0x00000006c2a00000, 0x00000006c2a00000, 0x00000006c2b00000|  0%| F|  |TS  0|AC  0|TAMS 0x00000006c2a00000, 0x00000006c2a00000|
|  43|0x00000006c2b00000, 0x00000006c2b00000, 0x00000006c2c00000|  0%| F|  |TS  0|AC  0|TAMS 0x00000006c2b00000, 0x00000006c2b00000|
|  44|0x00000006c2c00000, 0x00000006c2c00000, 0x00000006c2d00000|  0%| F|  |TS  0|AC  0|TAMS 0x00000006c2c00000, 0x00000006c2c00000|
|  45|0x00000006c2d00000, 0x00000006c2d00000, 0x00000006c2e00000|  0%| F|  |TS  0|AC  0|TAMS 0x00000006c2d00000, 0x00000006c2d00000|
|  46|0x00000006c2e00000, 0x00000006c2e00000, 0x00000006c2f00000|  0%| F|  |TS  0|AC  0|TAMS 0x00000006c2e00000, 0x00000006c2e00000|
|  47|0x00000006c2f00000, 0x00000006c2f00000, 0x00000006c3000000|  0%| F|  |TS  0|AC  0|TAMS 0x00000006c2f00000, 0x00000006c2f00000|
|  48|0x00000006c3000000, 0x00000006c3000000, 0x00000006c3100000|  0%| F|  |TS  0|AC  0|TAMS 0x00000006c3000000, 0x00000006c3000000|
|  49|0x00000006c3100000, 0x00000006c3100000, 0x00000006c3200000|  0%| F|  |TS  0|AC  0|TAMS 0x00000006c3100000, 0x00000006c3100000|
|  50|0x00000006c3200000, 0x00000006c3200000, 0x00000006c3300000|  0%| F|  |TS  0|AC  0|TAMS 0x00000006c3200000, 0x00000006c3200000|
|  51|0x00000006c3300000, 0x00000006c3300000, 0x00000006c3400000|  0%| F|  |TS  0|AC  0|TAMS 0x00000006c3300000, 0x00000006c3300000|
|  52|0x00000006c3400000, 0x00000006c3400000, 0x00000006c3500000|  0%| F|  |TS  0|AC  0|TAMS 0x00000006c3400000, 0x00000006c3400000|
|  53|0x00000006c3500000, 0x00000006c3500000, 0x00000006c3600000|  0%| F|  |TS  0|AC  0|TAMS 0x00000006c3500000, 0x00000006c3500000|
|  54|0x00000006c3600000, 0x00000006c3600000, 0x00000006c3700000|  0%| F|  |TS  0|AC  0|TAMS 0x00000006c3600000, 0x00000006c3600000|
|  55|0x00000006c3700000, 0x00000006c3700000, 0x00000006c3800000|  0%| F|  |TS  0|AC  0|TAMS 0x00000006c3700000, 0x00000006c3700000|
|  56|0x00000006c3800000, 0x00000006c3800000, 0x00000006c3900000|  0%| F|  |TS  0|AC  0|TAMS 0x00000006c3800000, 0x00000006c3800000|
|  57|0x00000006c3900000, 0x00000006c3900000, 0x00000006c3a00000|  0%| F|  |TS  0|AC  0|TAMS 0x00000006c3900000, 0x00000006c3900000|
|  58|0x00000006c3a00000, 0x00000006c3a00000, 0x00000006c3b00000|  0%| F|  |TS  0|AC  0|TAMS 0x00000006c3a00000, 0x00000006c3a00000|
|  59|0x00000006c3b00000, 0x00000006c3b00000, 0x00000006c3c00000|  0%| F|  |TS  0|AC  0|TAMS 0x00000006c3b00000, 0x00000006c3b00000|
|  60|0x00000006c3c00000, 0x00000006c3c00000, 0x00000006c3d00000|  0%| F|  |TS  0|AC  0|TAMS 0x00000006c3c00000, 0x00000006c3c00000|
|  61|0x00000006c3d00000, 0x00000006c3d00000, 0x00000006c3e00000|  0%| F|  |TS  0|AC  0|TAMS 0x00000006c3d00000, 0x00000006c3d00000|
|  62|0x00000006c3e00000, 0x00000006c3e00000, 0x00000006c3f00000|  0%| F|  |TS  0|AC  0|TAMS 0x00000006c3e00000, 0x00000006c3e00000|
|  63|0x00000006c3f00000, 0x00000006c3f00000, 0x00000006c4000000|  0%| F|  |TS  0|AC  0|TAMS 0x00000006c3f00000, 0x00000006c3f00000|
|  64|0x00000006c4000000, 0x00000006c4000000, 0x00000006c4100000|  0%| F|  |TS  0|AC  0|TAMS 0x00000006c4000000, 0x00000006c4000000|
|  65|0x00000006c4100000, 0x00000006c4100000, 0x00000006c4200000|  0%| F|  |TS  0|AC  0|TAMS 0x00000006c4100000, 0x00000006c4100000|
|  66|0x00000006c4200000, 0x00000006c4200000, 0x00000006c4300000|  0%| F|  |TS  0|AC  0|TAMS 0x00000006c4200000, 0x00000006c4200000|
|  67|0x00000006c4300000, 0x00000006c4300000, 0x00000006c4400000|  0%| F|  |TS  0|AC  0|TAMS 0x00000006c4300000, 0x00000006c4300000|
|  68|0x00000006c4400000, 0x00000006c4400000, 0x00000006c4500000|  0%| F|  |TS  0|AC  0|TAMS 0x00000006c4400000, 0x00000006c4400000|
|  69|0x00000006c4500000, 0x00000006c4500000, 0x00000006c4600000|  0%| F|  |TS  0|AC  0|TAMS 0x00000006c4500000, 0x00000006c4500000|
|  70|0x00000006c4600000, 0x00000006c4600000, 0x00000006c4700000|  0%| F|  |TS  0|AC  0|TAMS 0x00000006c4600000, 0x00000006c4600000|
|  71|0x00000006c4700000, 0x00000006c4700000, 0x00000006c4800000|  0%| F|  |TS  0|AC  0|TAMS 0x00000006c4700000, 0x00000006c4700000|
|  72|0x00000006c4800000, 0x00000006c4800000, 0x00000006c4900000|  0%| F|  |TS  0|AC  0|TAMS 0x00000006c4800000, 0x00000006c4800000|
|  73|0x00000006c4900000, 0x00000006c4900000, 0x00000006c4a00000|  0%| F|  |TS  0|AC  0|TAMS 0x00000006c4900000, 0x00000006c4900000|
|  74|0x00000006c4a00000, 0x00000006c4a00000, 0x00000006c4b00000|  0%| F|  |TS  0|AC  0|TAMS 0x00000006c4a00000, 0x00000006c4a00000|
|  75|0x00000006c4b00000, 0x00000006c4b00000, 0x00000006c4c00000|  0%| F|  |TS  0|AC  0|TAMS 0x00000006c4b00000, 0x00000006c4b00000|
|  76|0x00000006c4c00000, 0x00000006c4c00000, 0x00000006c4d00000|  0%| F|  |TS  0|AC  0|TAMS 0x00000006c4c00000, 0x00000006c4c00000|
|  77|0x00000006c4d00000, 0x00000006c4d00000, 0x00000006c4e00000|  0%| F|  |TS  0|AC  0|TAMS 0x00000006c4d00000, 0x00000006c4d00000|
|  78|0x00000006c4e00000, 0x00000006c4e00000, 0x00000006c4f00000|  0%| F|  |TS  0|AC  0|TAMS 0x00000006c4e00000, 0x00000006c4e00000|
|  79|0x00000006c4f00000, 0x00000006c4f00000, 0x00000006c5000000|  0%| F|  |TS  0|AC  0|TAMS 0x00000006c4f00000, 0x00000006c4f00000|
|  80|0x00000006c5000000, 0x00000006c5000000, 0x00000006c5100000|  0%| F|  |TS  0|AC  0|TAMS 0x00000006c5000000, 0x00000006c5000000|
|  81|0x00000006c5100000, 0x00000006c5100000, 0x00000006c5200000|  0%| F|  |TS  0|AC  0|TAMS 0x00000006c5100000, 0x00000006c5100000|
|  82|0x00000006c5200000, 0x00000006c5200000, 0x00000006c5300000|  0%| F|  |TS  0|AC  0|TAMS 0x00000006c5200000, 0x00000006c5200000|
|  83|0x00000006c5300000, 0x00000006c5300000, 0x00000006c5400000|  0%| F|  |TS  0|AC  0|TAMS 0x00000006c5300000, 0x00000006c5300000|
|  84|0x00000006c5400000, 0x00000006c5400000, 0x00000006c5500000|  0%| F|  |TS  0|AC  0|TAMS 0x00000006c5400000, 0x00000006c5400000|
|  85|0x00000006c5500000, 0x00000006c5500000, 0x00000006c5600000|  0%| F|  |TS  0|AC  0|TAMS 0x00000006c5500000, 0x00000006c5500000|
|  86|0x00000006c5600000, 0x00000006c5600000, 0x00000006c5700000|  0%| F|  |TS  0|AC  0|TAMS 0x00000006c5600000, 0x00000006c5600000|
|  87|0x00000006c5700000, 0x00000006c5700000, 0x00000006c5800000|  0%| F|  |TS  0|AC  0|TAMS 0x00000006c5700000, 0x00000006c5700000|
|  88|0x00000006c5800000, 0x00000006c5800000, 0x00000006c5900000|  0%| F|  |TS  0|AC  0|TAMS 0x00000006c5800000, 0x00000006c5800000|
|  89|0x00000006c5900000, 0x00000006c5900000, 0x00000006c5a00000|  0%| F|  |TS  0|AC  0|TAMS 0x00000006c5900000, 0x00000006c5900000|
|  90|0x00000006c5a00000, 0x00000006c5a00000, 0x00000006c5b00000|  0%| F|  |TS  0|AC  0|TAMS 0x00000006c5a00000, 0x00000006c5a00000|
|  91|0x00000006c5b00000, 0x00000006c5b00000, 0x00000006c5c00000|  0%| F|  |TS  0|AC  0|TAMS 0x00000006c5b00000, 0x00000006c5b00000|
|  92|0x00000006c5c00000, 0x00000006c5c00000, 0x00000006c5d00000|  0%| F|  |TS  0|AC  0|TAMS 0x00000006c5c00000, 0x00000006c5c00000|
|  93|0x00000006c5d00000, 0x00000006c5d00000, 0x00000006c5e00000|  0%| F|  |TS  0|AC  0|TAMS 0x00000006c5d00000, 0x00000006c5d00000|
|  94|0x00000006c5e00000, 0x00000006c5e00000, 0x00000006c5f00000|  0%| F|  |TS  0|AC  0|TAMS 0x00000006c5e00000, 0x00000006c5e00000|
|  95|0x00000006c5f00000, 0x00000006c5f00000, 0x00000006c6000000|  0%| F|  |TS  0|AC  0|TAMS 0x00000006c5f00000, 0x00000006c5f00000|
|  96|0x00000006c6000000, 0x00000006c6000000, 0x00000006c6100000|  0%| F|  |TS  0|AC  0|TAMS 0x00000006c6000000, 0x00000006c6000000|
|  97|0x00000006c6100000, 0x00000006c6100000, 0x00000006c6200000|  0%| F|  |TS  0|AC  0|TAMS 0x00000006c6100000, 0x00000006c6100000|
|  98|0x00000006c6200000, 0x00000006c6200000, 0x00000006c6300000|  0%| F|  |TS  0|AC  0|TAMS 0x00000006c6200000, 0x00000006c6200000|
|  99|0x00000006c6300000, 0x00000006c6300000, 0x00000006c6400000|  0%| F|  |TS  0|AC  0|TAMS 0x00000006c6300000, 0x00000006c6300000|
| 100|0x00000006c6400000, 0x00000006c6400000, 0x00000006c6500000|  0%| F|  |TS  0|AC  0|TAMS 0x00000006c6400000, 0x00000006c6400000|
| 101|0x00000006c6500000, 0x00000006c6500000, 0x00000006c6600000|  0%| F|  |TS  0|AC  0|TAMS 0x00000006c6500000, 0x00000006c6500000|
| 102|0x00000006c6600000, 0x00000006c6600000, 0x00000006c6700000|  0%| F|  |TS  0|AC  0|TAMS 0x00000006c6600000, 0x00000006c6600000|
| 103|0x00000006c6700000, 0x00000006c6700000, 0x00000006c6800000|  0%| F|  |TS  0|AC  0|TAMS 0x00000006c6700000, 0x00000006c6700000|
| 104|0x00000006c6800000, 0x00000006c6800000, 0x00000006c6900000|  0%| F|  |TS  0|AC  0|TAMS 0x00000006c6800000, 0x00000006c6800000|
| 105|0x00000006c6900000, 0x00000006c6900000, 0x00000006c6a00000|  0%| F|  |TS  0|AC  0|TAMS 0x00000006c6900000, 0x00000006c6900000|
| 106|0x00000006c6a00000, 0x00000006c6a00000, 0x00000006c6b00000|  0%| F|  |TS  0|AC  0|TAMS 0x00000006c6a00000, 0x00000006c6a00000|
| 107|0x00000006c6b00000, 0x00000006c6b00000, 0x00000006c6c00000|  0%| F|  |TS  0|AC  0|TAMS 0x00000006c6b00000, 0x00000006c6b00000|
| 108|0x00000006c6c00000, 0x00000006c6c00000, 0x00000006c6d00000|  0%| F|  |TS  0|AC  0|TAMS 0x00000006c6c00000, 0x00000006c6c00000|
| 109|0x00000006c6d00000, 0x00000006c6d00000, 0x00000006c6e00000|  0%| F|  |TS  0|AC  0|TAMS 0x00000006c6d00000, 0x00000006c6d00000|
| 110|0x00000006c6e00000, 0x00000006c6e00000, 0x00000006c6f00000|  0%| F|  |TS  0|AC  0|TAMS 0x00000006c6e00000, 0x00000006c6e00000|
| 111|0x00000006c6f00000, 0x00000006c6f00000, 0x00000006c7000000|  0%| F|  |TS  0|AC  0|TAMS 0x00000006c6f00000, 0x00000006c6f00000|
| 112|0x00000006c7000000, 0x00000006c7000000, 0x00000006c7100000|  0%| F|  |TS  0|AC  0|TAMS 0x00000006c7000000, 0x00000006c7000000|
| 113|0x00000006c7100000, 0x00000006c7100000, 0x00000006c7200000|  0%| F|  |TS  0|AC  0|TAMS 0x00000006c7100000, 0x00000006c7100000|
| 114|0x00000006c7200000, 0x00000006c7200000, 0x00000006c7300000|  0%| F|  |TS  0|AC  0|TAMS 0x00000006c7200000, 0x00000006c7200000|
| 115|0x00000006c7300000, 0x00000006c7300000, 0x00000006c7400000|  0%| F|  |TS  0|AC  0|TAMS 0x00000006c7300000, 0x00000006c7300000|
| 116|0x00000006c7400000, 0x00000006c7400000, 0x00000006c7500000|  0%| F|  |TS  0|AC  0|TAMS 0x00000006c7400000, 0x00000006c7400000|
| 117|0x00000006c7500000, 0x00000006c7500000, 0x00000006c7600000|  0%| F|  |TS  0|AC  0|TAMS 0x00000006c7500000, 0x00000006c7500000|
| 118|0x00000006c7600000, 0x00000006c7600000, 0x00000006c7700000|  0%| F|  |TS  0|AC  0|TAMS 0x00000006c7600000, 0x00000006c7600000|
| 119|0x00000006c7700000, 0x00000006c7700000, 0x00000006c7800000|  0%| F|  |TS  0|AC  0|TAMS 0x00000006c7700000, 0x00000006c7700000|
| 120|0x00000006c7800000, 0x00000006c7800000, 0x00000006c7900000|  0%| F|  |TS  0|AC  0|TAMS 0x00000006c7800000, 0x00000006c7800000|
| 121|0x00000006c7900000, 0x00000006c7900000, 0x00000006c7a00000|  0%| F|  |TS  0|AC  0|TAMS 0x00000006c7900000, 0x00000006c7900000|
| 122|0x00000006c7a00000, 0x00000006c7a00000, 0x00000006c7b00000|  0%| F|  |TS  0|AC  0|TAMS 0x00000006c7a00000, 0x00000006c7a00000|
| 123|0x00000006c7b00000, 0x00000006c7b00000, 0x00000006c7c00000|  0%| F|  |TS  0|AC  0|TAMS 0x00000006c7b00000, 0x00000006c7b00000|
| 124|0x00000006c7c00000, 0x00000006c7c00000, 0x00000006c7d00000|  0%| F|  |TS  0|AC  0|TAMS 0x00000006c7c00000, 0x00000006c7c00000|
| 125|0x00000006c7d00000, 0x00000006c7d00000, 0x00000006c7e00000|  0%| F|  |TS  0|AC  0|TAMS 0x00000006c7d00000, 0x00000006c7d00000|
| 126|0x00000006c7e00000, 0x00000006c7e00000, 0x00000006c7f00000|  0%| F|  |TS  0|AC  0|TAMS 0x00000006c7e00000, 0x00000006c7e00000|
| 127|0x00000006c7f00000, 0x00000006c7f00000, 0x00000006c8000000|  0%| F|  |TS  0|AC  0|TAMS 0x00000006c7f00000, 0x00000006c7f00000|
| 128|0x00000006c8000000, 0x00000006c8000000, 0x00000006c8100000|  0%| F|  |TS  0|AC  0|TAMS 0x00000006c8000000, 0x00000006c8000000|
| 129|0x00000006c8100000, 0x00000006c8100000, 0x00000006c8200000|  0%| F|  |TS  0|AC  0|TAMS 0x00000006c8100000, 0x00000006c8100000|
| 130|0x00000006c8200000, 0x00000006c8200000, 0x00000006c8300000|  0%| F|  |TS  0|AC  0|TAMS 0x00000006c8200000, 0x00000006c8200000|
| 131|0x00000006c8300000, 0x00000006c8300000, 0x00000006c8400000|  0%| F|  |TS  0|AC  0|TAMS 0x00000006c8300000, 0x00000006c8300000|
| 132|0x00000006c8400000, 0x00000006c8400000, 0x00000006c8500000|  0%| F|  |TS  0|AC  0|TAMS 0x00000006c8400000, 0x00000006c8400000|
| 133|0x00000006c8500000, 0x00000006c8500000, 0x00000006c8600000|  0%| F|  |TS  0|AC  0|TAMS 0x00000006c8500000, 0x00000006c8500000|
| 134|0x00000006c8600000, 0x00000006c8600000, 0x00000006c8700000|  0%| F|  |TS  0|AC  0|TAMS 0x00000006c8600000, 0x00000006c8600000|
| 135|0x00000006c8700000, 0x00000006c8700000, 0x00000006c8800000|  0%| F|  |TS  0|AC  0|TAMS 0x00000006c8700000, 0x00000006c8700000|
| 136|0x00000006c8800000, 0x00000006c8800000, 0x00000006c8900000|  0%| F|  |TS  0|AC  0|TAMS 0x00000006c8800000, 0x00000006c8800000|
| 137|0x00000006c8900000, 0x00000006c8900000, 0x00000006c8a00000|  0%| F|  |TS  0|AC  0|TAMS 0x00000006c8900000, 0x00000006c8900000|
| 138|0x00000006c8a00000, 0x00000006c8a00000, 0x00000006c8b00000|  0%| F|  |TS  0|AC  0|TAMS 0x00000006c8a00000, 0x00000006c8a00000|
| 139|0x00000006c8b00000, 0x00000006c8b00000, 0x00000006c8c00000|  0%| F|  |TS  0|AC  0|TAMS 0x00000006c8b00000, 0x00000006c8b00000|
| 140|0x00000006c8c00000, 0x00000006c8c00000, 0x00000006c8d00000|  0%| F|  |TS  0|AC  0|TAMS 0x00000006c8c00000, 0x00000006c8c00000|
| 141|0x00000006c8d00000, 0x00000006c8d00000, 0x00000006c8e00000|  0%| F|  |TS  0|AC  0|TAMS 0x00000006c8d00000, 0x00000006c8d00000|
| 142|0x00000006c8e00000, 0x00000006c8e00000, 0x00000006c8f00000|  0%| F|  |TS  0|AC  0|TAMS 0x00000006c8e00000, 0x00000006c8e00000|
| 143|0x00000006c8f00000, 0x00000006c8f00000, 0x00000006c9000000|  0%| F|  |TS  0|AC  0|TAMS 0x00000006c8f00000, 0x00000006c8f00000|
| 144|0x00000006c9000000, 0x00000006c9000000, 0x00000006c9100000|  0%| F|  |TS  0|AC  0|TAMS 0x00000006c9000000, 0x00000006c9000000|
| 145|0x00000006c9100000, 0x00000006c9100000, 0x00000006c9200000|  0%| F|  |TS  0|AC  0|TAMS 0x00000006c9100000, 0x00000006c9100000|
| 146|0x00000006c9200000, 0x00000006c9200000, 0x00000006c9300000|  0%| F|  |TS  0|AC  0|TAMS 0x00000006c9200000, 0x00000006c9200000|
| 147|0x00000006c9300000, 0x00000006c9300000, 0x00000006c9400000|  0%| F|  |TS  0|AC  0|TAMS 0x00000006c9300000, 0x00000006c9300000|
| 148|0x00000006c9400000, 0x00000006c9400000, 0x00000006c9500000|  0%| F|  |TS  0|AC  0|TAMS 0x00000006c9400000, 0x00000006c9400000|
| 149|0x00000006c9500000, 0x00000006c9500000, 0x00000006c9600000|  0%| F|  |TS  0|AC  0|TAMS 0x00000006c9500000, 0x00000006c9500000|
| 150|0x00000006c9600000, 0x00000006c9600000, 0x00000006c9700000|  0%| F|  |TS  0|AC  0|TAMS 0x00000006c9600000, 0x00000006c9600000|
| 151|0x00000006c9700000, 0x00000006c9700000, 0x00000006c9800000|  0%| F|  |TS  0|AC  0|TAMS 0x00000006c9700000, 0x00000006c9700000|
| 152|0x00000006c9800000, 0x00000006c9800000, 0x00000006c9900000|  0%| F|  |TS  0|AC  0|TAMS 0x00000006c9800000, 0x00000006c9800000|
| 153|0x00000006c9900000, 0x00000006c9900000, 0x00000006c9a00000|  0%| F|  |TS  0|AC  0|TAMS 0x00000006c9900000, 0x00000006c9900000|
| 154|0x00000006c9a00000, 0x00000006c9a00000, 0x00000006c9b00000|  0%| F|  |TS  0|AC  0|TAMS 0x00000006c9a00000, 0x00000006c9a00000|
| 155|0x00000006c9b00000, 0x00000006c9b00000, 0x00000006c9c00000|  0%| F|  |TS  0|AC  0|TAMS 0x00000006c9b00000, 0x00000006c9b00000|
| 156|0x00000006c9c00000, 0x00000006c9c00000, 0x00000006c9d00000|  0%| F|  |TS  0|AC  0|TAMS 0x00000006c9c00000, 0x00000006c9c00000|
| 157|0x00000006c9d00000, 0x00000006c9d00000, 0x00000006c9e00000|  0%| F|  |TS  0|AC  0|TAMS 0x00000006c9d00000, 0x00000006c9d00000|
| 158|0x00000006c9e00000, 0x00000006c9e00000, 0x00000006c9f00000|  0%| F|  |TS  0|AC  0|TAMS 0x00000006c9e00000, 0x00000006c9e00000|
| 159|0x00000006c9f00000, 0x00000006c9f00000, 0x00000006ca000000|  0%| F|  |TS  0|AC  0|TAMS 0x00000006c9f00000, 0x00000006c9f00000|
| 160|0x00000006ca000000, 0x00000006ca000000, 0x00000006ca100000|  0%| F|  |TS  0|AC  0|TAMS 0x00000006ca000000, 0x00000006ca000000|
| 161|0x00000006ca100000, 0x00000006ca100000, 0x00000006ca200000|  0%| F|  |TS  0|AC  0|TAMS 0x00000006ca100000, 0x00000006ca100000|
| 162|0x00000006ca200000, 0x00000006ca200000, 0x00000006ca300000|  0%| F|  |TS  0|AC  0|TAMS 0x00000006ca200000, 0x00000006ca200000|
| 163|0x00000006ca300000, 0x00000006ca300000, 0x00000006ca400000|  0%| F|  |TS  0|AC  0|TAMS 0x00000006ca300000, 0x00000006ca300000|
| 164|0x00000006ca400000, 0x00000006ca400000, 0x00000006ca500000|  0%| F|  |TS  0|AC  0|TAMS 0x00000006ca400000, 0x00000006ca400000|
| 165|0x00000006ca500000, 0x00000006ca500000, 0x00000006ca600000|  0%| F|  |TS  0|AC  0|TAMS 0x00000006ca500000, 0x00000006ca500000|
| 166|0x00000006ca600000, 0x00000006ca600000, 0x00000006ca700000|  0%| F|  |TS  0|AC  0|TAMS 0x00000006ca600000, 0x00000006ca600000|
| 167|0x00000006ca700000, 0x00000006ca700000, 0x00000006ca800000|  0%| F|  |TS  0|AC  0|TAMS 0x00000006ca700000, 0x00000006ca700000|
| 168|0x00000006ca800000, 0x00000006ca800000, 0x00000006ca900000|  0%| F|  |TS  0|AC  0|TAMS 0x00000006ca800000, 0x00000006ca800000|
| 169|0x00000006ca900000, 0x00000006ca900000, 0x00000006caa00000|  0%| F|  |TS  0|AC  0|TAMS 0x00000006ca900000, 0x00000006ca900000|
| 170|0x00000006caa00000, 0x00000006caa00000, 0x00000006cab00000|  0%| F|  |TS  0|AC  0|TAMS 0x00000006caa00000, 0x00000006caa00000|
| 171|0x00000006cab00000, 0x00000006cab00000, 0x00000006cac00000|  0%| F|  |TS  0|AC  0|TAMS 0x00000006cab00000, 0x00000006cab00000|
| 172|0x00000006cac00000, 0x00000006cac00000, 0x00000006cad00000|  0%| F|  |TS  0|AC  0|TAMS 0x00000006cac00000, 0x00000006cac00000|
| 173|0x00000006cad00000, 0x00000006cad00000, 0x00000006cae00000|  0%| F|  |TS  0|AC  0|TAMS 0x00000006cad00000, 0x00000006cad00000|
| 174|0x00000006cae00000, 0x00000006cae00000, 0x00000006caf00000|  0%| F|  |TS  0|AC  0|TAMS 0x00000006cae00000, 0x00000006cae00000|
| 175|0x00000006caf00000, 0x00000006caf00000, 0x00000006cb000000|  0%| F|  |TS  0|AC  0|TAMS 0x00000006caf00000, 0x00000006caf00000|
| 176|0x00000006cb000000, 0x00000006cb000000, 0x00000006cb100000|  0%| F|  |TS  0|AC  0|TAMS 0x00000006cb000000, 0x00000006cb000000|
| 177|0x00000006cb100000, 0x00000006cb100000, 0x00000006cb200000|  0%| F|  |TS  0|AC  0|TAMS 0x00000006cb100000, 0x00000006cb100000|
| 178|0x00000006cb200000, 0x00000006cb200000, 0x00000006cb300000|  0%| F|  |TS  0|AC  0|TAMS 0x00000006cb200000, 0x00000006cb200000|
| 179|0x00000006cb300000, 0x00000006cb300000, 0x00000006cb400000|  0%| F|  |TS  0|AC  0|TAMS 0x00000006cb300000, 0x00000006cb300000|
| 180|0x00000006cb400000, 0x00000006cb400000, 0x00000006cb500000|  0%| F|  |TS  0|AC  0|TAMS 0x00000006cb400000, 0x00000006cb400000|
| 181|0x00000006cb500000, 0x00000006cb500000, 0x00000006cb600000|  0%| F|  |TS  0|AC  0|TAMS 0x00000006cb500000, 0x00000006cb500000|
| 182|0x00000006cb600000, 0x00000006cb600000, 0x00000006cb700000|  0%| F|  |TS  0|AC  0|TAMS 0x00000006cb600000, 0x00000006cb600000|
| 183|0x00000006cb700000, 0x00000006cb700000, 0x00000006cb800000|  0%| F|  |TS  0|AC  0|TAMS 0x00000006cb700000, 0x00000006cb700000|
| 184|0x00000006cb800000, 0x00000006cb800000, 0x00000006cb900000|  0%| F|  |TS  0|AC  0|TAMS 0x00000006cb800000, 0x00000006cb800000|
| 185|0x00000006cb900000, 0x00000006cb900000, 0x00000006cba00000|  0%| F|  |TS  0|AC  0|TAMS 0x00000006cb900000, 0x00000006cb900000|
| 186|0x00000006cba00000, 0x00000006cba00000, 0x00000006cbb00000|  0%| F|  |TS  0|AC  0|TAMS 0x00000006cba00000, 0x00000006cba00000|
| 187|0x00000006cbb00000, 0x00000006cbb00000, 0x00000006cbc00000|  0%| F|  |TS  0|AC  0|TAMS 0x00000006cbb00000, 0x00000006cbb00000|
| 188|0x00000006cbc00000, 0x00000006cbc00000, 0x00000006cbd00000|  0%| F|  |TS  0|AC  0|TAMS 0x00000006cbc00000, 0x00000006cbc00000|
| 189|0x00000006cbd00000, 0x00000006cbd00000, 0x00000006cbe00000|  0%| F|  |TS  0|AC  0|TAMS 0x00000006cbd00000, 0x00000006cbd00000|
| 190|0x00000006cbe00000, 0x00000006cbe00000, 0x00000006cbf00000|  0%| F|  |TS  0|AC  0|TAMS 0x00000006cbe00000, 0x00000006cbe00000|
| 191|0x00000006cbf00000, 0x00000006cbf00000, 0x00000006cc000000|  0%| F|  |TS  0|AC  0|TAMS 0x00000006cbf00000, 0x00000006cbf00000|
| 192|0x00000006cc000000, 0x00000006cc000000, 0x00000006cc100000|  0%| F|  |TS  0|AC  0|TAMS 0x00000006cc000000, 0x00000006cc000000|
| 193|0x00000006cc100000, 0x00000006cc100000, 0x00000006cc200000|  0%| F|  |TS  0|AC  0|TAMS 0x00000006cc100000, 0x00000006cc100000|
| 194|0x00000006cc200000, 0x00000006cc200000, 0x00000006cc300000|  0%| F|  |TS  0|AC  0|TAMS 0x00000006cc200000, 0x00000006cc200000|
| 195|0x00000006cc300000, 0x00000006cc300000, 0x00000006cc400000|  0%| F|  |TS  0|AC  0|TAMS 0x00000006cc300000, 0x00000006cc300000|
| 196|0x00000006cc400000, 0x00000006cc400000, 0x00000006cc500000|  0%| F|  |TS  0|AC  0|TAMS 0x00000006cc400000, 0x00000006cc400000|
| 197|0x00000006cc500000, 0x00000006cc500000, 0x00000006cc600000|  0%| F|  |TS  0|AC  0|TAMS 0x00000006cc500000, 0x00000006cc500000|
| 198|0x00000006cc600000, 0x00000006cc600000, 0x00000006cc700000|  0%| F|  |TS  0|AC  0|TAMS 0x00000006cc600000, 0x00000006cc600000|
| 199|0x00000006cc700000, 0x00000006cc700000, 0x00000006cc800000|  0%| F|  |TS  0|AC  0|TAMS 0x00000006cc700000, 0x00000006cc700000|
| 200|0x00000006cc800000, 0x00000006cc800000, 0x00000006cc900000|  0%| F|  |TS  0|AC  0|TAMS 0x00000006cc800000, 0x00000006cc800000|
| 201|0x00000006cc900000, 0x00000006cc900000, 0x00000006cca00000|  0%| F|  |TS  0|AC  0|TAMS 0x00000006cc900000, 0x00000006cc900000|
| 202|0x00000006cca00000, 0x00000006cca00000, 0x00000006ccb00000|  0%| F|  |TS  0|AC  0|TAMS 0x00000006cca00000, 0x00000006cca00000|
| 203|0x00000006ccb00000, 0x00000006ccb00000, 0x00000006ccc00000|  0%| F|  |TS  0|AC  0|TAMS 0x00000006ccb00000, 0x00000006ccb00000|
| 204|0x00000006ccc00000, 0x00000006ccc00000, 0x00000006ccd00000|  0%| F|  |TS  0|AC  0|TAMS 0x00000006ccc00000, 0x00000006ccc00000|
| 205|0x00000006ccd00000, 0x00000006ccd00000, 0x00000006cce00000|  0%| F|  |TS  0|AC  0|TAMS 0x00000006ccd00000, 0x00000006ccd00000|
| 206|0x00000006cce00000, 0x00000006cce00000, 0x00000006ccf00000|  0%| F|  |TS  0|AC  0|TAMS 0x00000006cce00000, 0x00000006cce00000|
| 207|0x00000006ccf00000, 0x00000006ccf00000, 0x00000006cd000000|  0%| F|  |TS  0|AC  0|TAMS 0x00000006ccf00000, 0x00000006ccf00000|
| 208|0x00000006cd000000, 0x00000006cd000000, 0x00000006cd100000|  0%| F|  |TS  0|AC  0|TAMS 0x00000006cd000000, 0x00000006cd000000|
| 209|0x00000006cd100000, 0x00000006cd100000, 0x00000006cd200000|  0%| F|  |TS  0|AC  0|TAMS 0x00000006cd100000, 0x00000006cd100000|
| 210|0x00000006cd200000, 0x00000006cd200000, 0x00000006cd300000|  0%| F|  |TS  0|AC  0|TAMS 0x00000006cd200000, 0x00000006cd200000|
| 211|0x00000006cd300000, 0x00000006cd300000, 0x00000006cd400000|  0%| F|  |TS  0|AC  0|TAMS 0x00000006cd300000, 0x00000006cd300000|
| 212|0x00000006cd400000, 0x00000006cd400000, 0x00000006cd500000|  0%| F|  |TS  0|AC  0|TAMS 0x00000006cd400000, 0x00000006cd400000|
| 213|0x00000006cd500000, 0x00000006cd500000, 0x00000006cd600000|  0%| F|  |TS  0|AC  0|TAMS 0x00000006cd500000, 0x00000006cd500000|
| 214|0x00000006cd600000, 0x00000006cd600000, 0x00000006cd700000|  0%| F|  |TS  0|AC  0|TAMS 0x00000006cd600000, 0x00000006cd600000|
| 215|0x00000006cd700000, 0x00000006cd700000, 0x00000006cd800000|  0%| F|  |TS  0|AC  0|TAMS 0x00000006cd700000, 0x00000006cd700000|
| 216|0x00000006cd800000, 0x00000006cd800000, 0x00000006cd900000|  0%| F|  |TS  0|AC  0|TAMS 0x00000006cd800000, 0x00000006cd800000|
| 217|0x00000006cd900000, 0x00000006cd900000, 0x00000006cda00000|  0%| F|  |TS  0|AC  0|TAMS 0x00000006cd900000, 0x00000006cd900000|
| 218|0x00000006cda00000, 0x00000006cda00000, 0x00000006cdb00000|  0%| F|  |TS  0|AC  0|TAMS 0x00000006cda00000, 0x00000006cda00000|
| 219|0x00000006cdb00000, 0x00000006cdb00000, 0x00000006cdc00000|  0%| F|  |TS  0|AC  0|TAMS 0x00000006cdb00000, 0x00000006cdb00000|
| 220|0x00000006cdc00000, 0x00000006cdc00000, 0x00000006cdd00000|  0%| F|  |TS  0|AC  0|TAMS 0x00000006cdc00000, 0x00000006cdc00000|
| 221|0x00000006cdd00000, 0x00000006cdd00000, 0x00000006cde00000|  0%| F|  |TS  0|AC  0|TAMS 0x00000006cdd00000, 0x00000006cdd00000|
| 222|0x00000006cde00000, 0x00000006cde00000, 0x00000006cdf00000|  0%| F|  |TS  0|AC  0|TAMS 0x00000006cde00000, 0x00000006cde00000|
| 223|0x00000006cdf00000, 0x00000006cdf00000, 0x00000006ce000000|  0%| F|  |TS  0|AC  0|TAMS 0x00000006cdf00000, 0x00000006cdf00000|
| 224|0x00000006ce000000, 0x00000006ce000000, 0x00000006ce100000|  0%| F|  |TS  0|AC  0|TAMS 0x00000006ce000000, 0x00000006ce000000|
| 225|0x00000006ce100000, 0x00000006ce100000, 0x00000006ce200000|  0%| F|  |TS  0|AC  0|TAMS 0x00000006ce100000, 0x00000006ce100000|
| 226|0x00000006ce200000, 0x00000006ce200000, 0x00000006ce300000|  0%| F|  |TS  0|AC  0|TAMS 0x00000006ce200000, 0x00000006ce200000|
| 227|0x00000006ce300000, 0x00000006ce300000, 0x00000006ce400000|  0%| F|  |TS  0|AC  0|TAMS 0x00000006ce300000, 0x00000006ce300000|
| 228|0x00000006ce400000, 0x00000006ce4896c0, 0x00000006ce500000| 53%| S|CS|TS  0|AC  0|TAMS 0x00000006ce400000, 0x00000006ce400000|
| 229|0x00000006ce500000, 0x00000006ce600000, 0x00000006ce600000|100%| S|CS|TS  0|AC  0|TAMS 0x00000006ce500000, 0x00000006ce500000|
| 230|0x00000006ce600000, 0x00000006ce700000, 0x00000006ce700000|100%| S|CS|TS  0|AC  0|TAMS 0x00000006ce600000, 0x00000006ce600000|
| 231|0x00000006ce700000, 0x00000006ce800000, 0x00000006ce800000|100%| S|CS|TS  0|AC  0|TAMS 0x00000006ce700000, 0x00000006ce700000|
| 232|0x00000006ce800000, 0x00000006ce900000, 0x00000006ce900000|100%| S|CS|TS  0|AC  0|TAMS 0x00000006ce800000, 0x00000006ce800000|
| 233|0x00000006ce900000, 0x00000006ce900000, 0x00000006cea00000|  0%| F|  |TS  0|AC  0|TAMS 0x00000006ce900000, 0x00000006ce900000|
| 234|0x00000006cea00000, 0x00000006cea00000, 0x00000006ceb00000|  0%| F|  |TS  0|AC  0|TAMS 0x00000006cea00000, 0x00000006cea00000|
| 235|0x00000006ceb00000, 0x00000006ceb00000, 0x00000006cec00000|  0%| F|  |TS  0|AC  0|TAMS 0x00000006ceb00000, 0x00000006ceb00000|
| 236|0x00000006cec00000, 0x00000006cec00000, 0x00000006ced00000|  0%| F|  |TS  0|AC  0|TAMS 0x00000006cec00000, 0x00000006cec00000|
| 237|0x00000006ced00000, 0x00000006ced00000, 0x00000006cee00000|  0%| F|  |TS  0|AC  0|TAMS 0x00000006ced00000, 0x00000006ced00000|
| 238|0x00000006cee00000, 0x00000006cee00000, 0x00000006cef00000|  0%| F|  |TS  0|AC  0|TAMS 0x00000006cee00000, 0x00000006cee00000|
| 239|0x00000006cef00000, 0x00000006cef00000, 0x00000006cf000000|  0%| F|  |TS  0|AC  0|TAMS 0x00000006cef00000, 0x00000006cef00000|
| 240|0x00000006cf000000, 0x00000006cf000000, 0x00000006cf100000|  0%| F|  |TS  0|AC  0|TAMS 0x00000006cf000000, 0x00000006cf000000|
| 241|0x00000006cf100000, 0x00000006cf100000, 0x00000006cf200000|  0%| F|  |TS  0|AC  0|TAMS 0x00000006cf100000, 0x00000006cf100000|
| 242|0x00000006cf200000, 0x00000006cf200800, 0x00000006cf300000|  0%| E|  |TS  0|AC  0|TAMS 0x00000006cf200000, 0x00000006cf200000|
| 243|0x00000006cf300000, 0x00000006cf400000, 0x00000006cf400000|100%| E|CS|TS  0|AC  0|TAMS 0x00000006cf300000, 0x00000006cf300000|
| 244|0x00000006cf400000, 0x00000006cf500000, 0x00000006cf500000|100%| E|CS|TS  0|AC  0|TAMS 0x00000006cf400000, 0x00000006cf400000|
| 245|0x00000006cf500000, 0x00000006cf600000, 0x00000006cf600000|100%| E|CS|TS  0|AC  0|TAMS 0x00000006cf500000, 0x00000006cf500000|
| 246|0x00000006cf600000, 0x00000006cf700000, 0x00000006cf700000|100%| E|CS|TS  0|AC  0|TAMS 0x00000006cf600000, 0x00000006cf600000|
| 247|0x00000006cf700000, 0x00000006cf800000, 0x00000006cf800000|100%| E|CS|TS  0|AC  0|TAMS 0x00000006cf700000, 0x00000006cf700000|
| 248|0x00000006cf800000, 0x00000006cf900000, 0x00000006cf900000|100%| E|CS|TS  0|AC  0|TAMS 0x00000006cf800000, 0x00000006cf800000|
| 249|0x00000006cf900000, 0x00000006cfa00000, 0x00000006cfa00000|100%| E|CS|TS  0|AC  0|TAMS 0x00000006cf900000, 0x00000006cf900000|
| 250|0x00000006cfa00000, 0x00000006cfb00000, 0x00000006cfb00000|100%| E|CS|TS  0|AC  0|TAMS 0x00000006cfa00000, 0x00000006cfa00000|
| 251|0x00000006cfb00000, 0x00000006cfc00000, 0x00000006cfc00000|100%| E|CS|TS  0|AC  0|TAMS 0x00000006cfb00000, 0x00000006cfb00000|
| 252|0x00000006cfc00000, 0x00000006cfd00000, 0x00000006cfd00000|100%| E|CS|TS  0|AC  0|TAMS 0x00000006cfc00000, 0x00000006cfc00000|
| 253|0x00000006cfd00000, 0x00000006cfe00000, 0x00000006cfe00000|100%| E|CS|TS  0|AC  0|TAMS 0x00000006cfd00000, 0x00000006cfd00000|
| 254|0x00000006cfe00000, 0x00000006cff00000, 0x00000006cff00000|100%| E|CS|TS  0|AC  0|TAMS 0x00000006cfe00000, 0x00000006cfe00000|
| 255|0x00000006cff00000, 0x00000006d0000000, 0x00000006d0000000|100%| E|CS|TS  0|AC  0|TAMS 0x00000006cff00000, 0x00000006cff00000|

Card table byte_map: [0x0000000107c70000,0x0000000108470000] byte_map_base: 0x0000000104670000

Marking Bits (Prev, Next): (CMBitMap*) 0x00007f8b4e025c60, (CMBitMap*) 0x00007f8b4e025c98
 Prev Bits: [0x0000000108c70000, 0x000000010cc70000)
 Next Bits: [0x000000012aa67000, 0x000000012ea67000)

Polling page: 0x0000000104bfa000

CodeHeap 'non-profiled nmethods': size=120032Kb used=1355Kb max_used=1355Kb free=118676Kb
 bounds [0x000000012352f000, 0x000000012379f000, 0x000000012aa67000]
CodeHeap 'profiled nmethods': size=120028Kb used=5384Kb max_used=5384Kb free=114644Kb
 bounds [0x000000011bff8000, 0x000000011c548000, 0x000000012352f000]
CodeHeap 'non-nmethods': size=5700Kb used=1475Kb max_used=1538Kb free=4224Kb
 bounds [0x000000011ba67000, 0x000000011bcd7000, 0x000000011bff8000]
 total_blobs=4407 nmethods=2810 adapters=924
 compilation: enabled

Compilation events (10 events):
Event: 10.567 Thread 0x00007f8b4e806800 2807       3       java.nio.ByteBuffer::array (35 bytes)
Event: 10.567 Thread 0x00007f8b4e027000 2808       4       java.lang.StringLatin1::inflate (34 bytes)
Event: 10.567 Thread 0x00007f8b4e806800 nmethod 2807 0x000000011c534490 code [0x000000011c534680, 0x000000011c534998]
Event: 10.567 Thread 0x00007f8b4e806800 2805       3       java.lang.invoke.BoundMethodHandle$Species_LLLL::speciesData (4 bytes)
Event: 10.567 Thread 0x00007f8b4e806800 nmethod 2805 0x000000011c534b10 code [0x000000011c534cc0, 0x000000011c534e10]
Event: 10.567 Thread 0x00007f8b4e806800 2809       3       sun.nio.cs.UTF_8$Encoder::encodeArrayLoop (489 bytes)
Event: 10.570 Thread 0x00007f8b4e806800 nmethod 2809 0x000000011c534e90 code [0x000000011c535480, 0x000000011c5389e8]
Event: 10.570 Thread 0x00007f8b4e806800 2810       3       java.nio.CharBuffer::position (6 bytes)
Event: 10.570 Thread 0x00007f8b4e806800 nmethod 2810 0x000000011c539b90 code [0x000000011c539d60, 0x000000011c539f68]
Event: 10.575 Thread 0x00007f8b4e027000 nmethod 2808 0x0000000123681910 code [0x0000000123681aa0, 0x0000000123681e78]

GC Heap History (6 events):
Event: 1.135 GC heap before
{Heap before GC invocations=0 (full 0):
 garbage-first heap   total 262144K, used 24576K [0x00000006c0000000, 0x00000007c0000000)
  region size 1024K, 24 young (24576K), 0 survivors (0K)
 Metaspace       used 19694K, capacity 20240K, committed 20480K, reserved 1067008K
  class space    used 1996K, capacity 2234K, committed 2304K, reserved 1048576K
}
Event: 1.141 GC heap after
{Heap after GC invocations=1 (full 0):
 garbage-first heap   total 262144K, used 4900K [0x00000006c0000000, 0x00000007c0000000)
  region size 1024K, 3 young (3072K), 3 survivors (3072K)
 Metaspace       used 19694K, capacity 20240K, committed 20480K, reserved 1067008K
  class space    used 1996K, capacity 2234K, committed 2304K, reserved 1048576K
}
Event: 6.269 GC heap before
{Heap before GC invocations=1 (full 0):
 garbage-first heap   total 262144K, used 7972K [0x00000006c0000000, 0x00000007c0000000)
  region size 1024K, 7 young (7168K), 3 survivors (3072K)
 Metaspace       used 20546K, capacity 21014K, committed 21296K, reserved 1069056K
  class space    used 2093K, capacity 2323K, committed 2432K, reserved 1048576K
}
Event: 6.274 GC heap after
{Heap after GC invocations=2 (full 0):
 garbage-first heap   total 262144K, used 5595K [0x00000006c0000000, 0x00000007c0000000)
  region size 1024K, 1 young (1024K), 1 survivors (1024K)
 Metaspace       used 20546K, capacity 21014K, committed 21296K, reserved 1069056K
  class space    used 2093K, capacity 2323K, committed 2432K, reserved 1048576K
}
Event: 8.192 GC heap before
{Heap before GC invocations=3 (full 0):
 garbage-first heap   total 262144K, used 27099K [0x00000006c0000000, 0x00000007c0000000)
  region size 1024K, 23 young (23552K), 1 survivors (1024K)
 Metaspace       used 34778K, capacity 35544K, committed 35920K, reserved 1081344K
  class space    used 4014K, capacity 4365K, committed 4432K, reserved 1048576K
}
Event: 8.195 GC heap after
{Heap after GC invocations=4 (full 0):
 garbage-first heap   total 262144K, used 9765K [0x00000006c0000000, 0x00000007c0000000)
  region size 1024K, 5 young (5120K), 5 survivors (5120K)
 Metaspace       used 34778K, capacity 35544K, committed 35920K, reserved 1081344K
  class space    used 4014K, capacity 4365K, committed 4432K, reserved 1048576K
}

Deoptimization events (10 events):
Event: 8.288 Thread 0x00007f8b50196800 Uncommon trap: reason=class_check action=maybe_recompile pc=0x00000001235eea50 method=java.lang.String.equals(Ljava/lang/Object;)Z @ 8 c2
Event: 8.288 Thread 0x00007f8b50196800 Uncommon trap: reason=class_check action=maybe_recompile pc=0x00000001235eea50 method=java.lang.String.equals(Ljava/lang/Object;)Z @ 8 c2
Event: 8.288 Thread 0x00007f8b50196800 Uncommon trap: reason=class_check action=maybe_recompile pc=0x00000001235eea50 method=java.lang.String.equals(Ljava/lang/Object;)Z @ 8 c2
Event: 8.290 Thread 0x00007f8b50196800 Uncommon trap: reason=class_check action=maybe_recompile pc=0x00000001235eea50 method=java.lang.String.equals(Ljava/lang/Object;)Z @ 8 c2
Event: 8.483 Thread 0x00007f8b50196800 Uncommon trap: reason=unstable_if action=reinterpret pc=0x0000000123580d60 method=java.lang.CharacterData.of(I)Ljava/lang/CharacterData; @ 4 c2
Event: 8.485 Thread 0x00007f8b50196800 Uncommon trap: reason=unstable_if action=reinterpret pc=0x000000012354fd70 method=java.lang.String.isLatin1()Z @ 10 c2
Event: 8.485 Thread 0x00007f8b50196800 Uncommon trap: reason=unstable_if action=reinterpret pc=0x000000012362d938 method=java.lang.String.equals(Ljava/lang/Object;)Z @ 34 c2
Event: 10.364 Thread 0x00007f8b50196800 Uncommon trap: reason=unstable_if action=reinterpret pc=0x00000001235e5d18 method=jdk.internal.org.objectweb.asm.Type.getArgumentsAndReturnSizes(Ljava/lang/String;)I @ 47 c2
Event: 10.364 Thread 0x00007f8b50196800 Uncommon trap: reason=unstable_if action=reinterpret pc=0x0000000123584ce4 method=jdk.internal.org.objectweb.asm.Frame.push(Ljdk/internal/org/objectweb/asm/ClassWriter;Ljava/lang/String;)V @ 18 c2
Event: 10.453 Thread 0x00007f8b50196800 Uncommon trap: reason=unstable_if action=reinterpret pc=0x0000000123676674 method=javafx.scene.Node.updateLocalToParentTransform()V @ 4 c2

Classes redefined (0 events):
No events

Internal exceptions (10 events):
Event: 8.305 Thread 0x00007f8b50196800 Exception <a 'java/lang/NoSuchMethodError'{0x00000006cfa329d0}: method resolution failed> (0x00000006cfa329d0) thrown at [/scratch/mesos/slaves/9190d864-6621-4810-ba08-d8d8c75ba674-S34/frameworks/1735e8a2-a1db-478c-8104-60c8b0af87dd-0196/executors/f87b489
Event: 8.317 Thread 0x00007f8b50196800 Exception <a 'java/lang/NoSuchMethodError'{0x00000006cfaa9290}: java.lang.invoke.DirectMethodHandle$Holder.invokeSpecial(Ljava/lang/Object;Ljava/lang/Object;Ljava/lang/Object;Ljava/lang/Object;Ljava/lang/Object;Ljava/lang/Object;)V> (0x00000006cfaa9290) t
Event: 8.331 Thread 0x00007f8b50196800 Exception <a 'java/lang/NoSuchMethodError'{0x00000006cf901e48}: java.lang.invoke.DirectMethodHandle$Holder.invokeInterface(Ljava/lang/Object;Ljava/lang/Object;Ljava/lang/Object;)Ljava/lang/Object;> (0x00000006cf901e48) thrown at [/scratch/mesos/slaves/919
Event: 8.331 Thread 0x00007f8b50196800 Exception <a 'java/lang/IncompatibleClassChangeError'{0x00000006cf905250}: Found class java.lang.Object, but interface was expected> (0x00000006cf905250) thrown at [/scratch/mesos/slaves/9190d864-6621-4810-ba08-d8d8c75ba674-S34/frameworks/1735e8a2-a1db-47
Event: 10.364 Thread 0x00007f8b50196800 Exception <a 'java/lang/NoSuchMethodError'{0x00000006cf496318}: method resolution failed> (0x00000006cf496318) thrown at [/scratch/mesos/slaves/9190d864-6621-4810-ba08-d8d8c75ba674-S34/frameworks/1735e8a2-a1db-478c-8104-60c8b0af87dd-0196/executors/f87b489
Event: 10.365 Thread 0x00007f8b50196800 Exception <a 'java/lang/NoSuchMethodError'{0x00000006cf499460}: java.lang.invoke.DirectMethodHandle$Holder.invokeStaticInit(Ljava/lang/Object;Ljava/lang/Object;Ljava/lang/Object;)J> (0x00000006cf499460) thrown at [/scratch/mesos/slaves/9190d864-6621-4810-
Event: 10.367 Thread 0x00007f8b50196800 Exception <a 'java/lang/NoSuchMethodError'{0x00000006cf4aedf8}: java.lang.invoke.DirectMethodHandle$Holder.invokeStatic(Ljava/lang/Object;Ljava/lang/Object;J)Ljava/lang/Object;> (0x00000006cf4aedf8) thrown at [/scratch/mesos/slaves/9190d864-6621-4810-ba08
Event: 10.368 Thread 0x00007f8b50196800 Exception <a 'java/lang/NoSuchMethodError'{0x00000006cf4b2278}: method resolution failed> (0x00000006cf4b2278) thrown at [/scratch/mesos/slaves/9190d864-6621-4810-ba08-d8d8c75ba674-S34/frameworks/1735e8a2-a1db-478c-8104-60c8b0af87dd-0196/executors/f87b489
Event: 10.566 Thread 0x00007f8b50196800 Exception <a 'java/lang/NullPointerException'{0x00000006cf3b4978}> (0x00000006cf3b4978) thrown at [/scratch/mesos/slaves/9190d864-6621-4810-ba08-d8d8c75ba674-S34/frameworks/1735e8a2-a1db-478c-8104-60c8b0af87dd-0196/executors/f87b4890-2412-429e-bdfd-83788a
Event: 10.566 Thread 0x00007f8b50196800 Exception <a 'java/lang/NullPointerException'{0x00000006cf3b4978}> (0x00000006cf3b4978) thrown at [/scratch/mesos/slaves/9190d864-6621-4810-ba08-d8d8c75ba674-S34/frameworks/1735e8a2-a1db-478c-8104-60c8b0af87dd-0196/executors/f87b4890-2412-429e-bdfd-83788a

Events (10 events):
Event: 10.576 loading class com/sun/javafx/tk/quantum/QuantumToolkit done
Event: 10.577 Executing VM operation: RevokeBias
Event: 10.577 Executing VM operation: RevokeBias done
Event: 10.577 Thread 0x00007f8b5018b000 Thread exited: 0x00007f8b5018b000
Event: 10.577 Executing VM operation: RevokeBias
Event: 10.577 Executing VM operation: RevokeBias done
Event: 10.577 Thread 0x00007f8b50801800 Thread exited: 0x00007f8b50801800
Event: 10.577 Thread 0x00007f8b4dff5800 Thread exited: 0x00007f8b4dff5800
Event: 10.577 Thread 0x00007f8b50196800 Thread exited: 0x00007f8b50196800
Event: 10.577 Thread 0x00007f8b5492c000 Thread added: 0x00007f8b5492c000


Dynamic libraries:
0x00007fff3e189000 	/System/Library/Frameworks/Cocoa.framework/Versions/A/Cocoa
0x00007fff49f37000 	/System/Library/Frameworks/Security.framework/Versions/A/Security
0x00007fff3ce1b000 	/System/Library/Frameworks/ApplicationServices.framework/Versions/A/ApplicationServices
0x00007fff6a02c000 	/usr/lib/libz.1.dylib
0x00007fff67983000 	/usr/lib/libSystem.B.dylib
0x00007fff3e9fe000 	/System/Library/Frameworks/CoreFoundation.framework/Versions/A/CoreFoundation
0x00007fff40c82000 	/System/Library/Frameworks/Foundation.framework/Versions/C/Foundation
0x00007fff691bc000 	/usr/lib/libobjc.A.dylib
0x00007fff3c014000 	/System/Library/Frameworks/AppKit.framework/Versions/C/AppKit
0x00007fff3e587000 	/System/Library/Frameworks/CoreData.framework/Versions/A/CoreData
0x00007fff61448000 	/System/Library/PrivateFrameworks/RemoteViewServices.framework/Versions/A/RemoteViewServices
0x00007fff656bf000 	/System/Library/PrivateFrameworks/UIFoundation.framework/Versions/A/UIFoundation
0x00007fff66da4000 	/System/Library/PrivateFrameworks/XCTTargetBootstrap.framework/Versions/A/XCTTargetBootstrap
0x00007fff3e90d000 	/System/Library/Frameworks/CoreDisplay.framework/Versions/A/CoreDisplay
0x00007fff5c17e000 	/System/Library/PrivateFrameworks/IconServices.framework/Versions/A/IconServices
0x00007fff435a4000 	/System/Library/Frameworks/Metal.framework/Versions/A/Metal
0x00007fff536c2000 	/System/Library/PrivateFrameworks/DesktopServicesPriv.framework/Versions/A/DesktopServicesPriv
0x00007fff6851f000 	/usr/lib/libenergytrace.dylib
0x00007fff63ba6000 	/System/Library/PrivateFrameworks/SkyLight.framework/Versions/A/SkyLight
0x00007fff3ee45000 	/System/Library/Frameworks/CoreGraphics.framework/Versions/A/CoreGraphics
0x00007fff3ade0000 	/System/Library/Frameworks/Accelerate.framework/Versions/A/Accelerate
0x00007fff413cb000 	/System/Library/Frameworks/IOSurface.framework/Versions/A/IOSurface
0x00007fff5352e000 	/System/Library/PrivateFrameworks/DFRFoundation.framework/Versions/A/DFRFoundation
0x00007fff3d2fe000 	/System/Library/Frameworks/AudioToolbox.framework/Versions/A/AudioToolbox
0x00007fff3d577000 	/System/Library/Frameworks/AudioUnit.framework/Versions/A/AudioUnit
0x00007fff535c3000 	/System/Library/PrivateFrameworks/DataDetectorsCore.framework/Versions/A/DataDetectorsCore
0x00007fff3dc8c000 	/System/Library/Frameworks/Carbon.framework/Versions/A/Frameworks/HIToolbox.framework/Versions/A/HIToolbox
0x00007fff68678000 	/usr/lib/libicucore.A.dylib
0x00007fff494aa000 	/System/Library/Frameworks/QuartzCore.framework/Versions/A/QuartzCore
0x00007fff3e061000 	/System/Library/Frameworks/Carbon.framework/Versions/A/Frameworks/SpeechRecognition.framework/Versions/A/SpeechRecognition
0x00007fff67ad7000 	/usr/lib/libauto.dylib
0x00007fff69f1f000 	/usr/lib/libxml2.2.dylib
0x00007fff53109000 	/System/Library/PrivateFrameworks/CoreUI.framework/Versions/A/CoreUI
0x00007fff3e472000 	/System/Library/Frameworks/CoreAudio.framework/Versions/A/CoreAudio
0x00007fff40ab7000 	/System/Library/Frameworks/DiskArbitration.framework/Versions/A/DiskArbitration
0x00007fff68926000 	/usr/lib/liblangid.dylib
0x00007fff5d589000 	/System/Library/PrivateFrameworks/MultitouchSupport.framework/Versions/A/MultitouchSupport
0x00007fff4133a000 	/System/Library/Frameworks/IOKit.framework/Versions/A/IOKit
0x00007fff67543000 	/usr/lib/libDiagnosticMessagesClient.dylib
0x00007fff3fc55000 	/System/Library/Frameworks/CoreServices.framework/Versions/A/CoreServices
0x00007fff5f243000 	/System/Library/PrivateFrameworks/PerformanceAnalysis.framework/Versions/A/PerformanceAnalysis
0x00007fff48691000 	/System/Library/Frameworks/OpenGL.framework/Versions/A/OpenGL
0x00007fff3e197000 	/System/Library/Frameworks/ColorSync.framework/Versions/A/ColorSync
0x00007fff3f4d7000 	/System/Library/Frameworks/CoreImage.framework/Versions/A/CoreImage
0x00007fff4062d000 	/System/Library/Frameworks/CoreText.framework/Versions/A/CoreText
0x00007fff4142e000 	/System/Library/Frameworks/ImageIO.framework/Versions/A/ImageIO
0x00007fff4f75b000 	/System/Library/PrivateFrameworks/Backup.framework/Versions/A/Backup
0x00007fff67a2a000 	/usr/lib/libarchive.2.dylib
0x00007fff3d8d0000 	/System/Library/Frameworks/CFNetwork.framework/Versions/A/CFNetwork
0x00007fff4a693000 	/System/Library/Frameworks/SystemConfiguration.framework/Versions/A/SystemConfiguration
0x00007fff67474000 	/usr/lib/libCRFSuite.dylib
0x00007fff67bc8000 	/usr/lib/libc++.1.dylib
0x00007fff67c1c000 	/usr/lib/libc++abi.dylib
0x00007fff6a822000 	/usr/lib/system/libcache.dylib
0x00007fff6a827000 	/usr/lib/system/libcommonCrypto.dylib
0x00007fff6a832000 	/usr/lib/system/libcompiler_rt.dylib
0x00007fff6a83a000 	/usr/lib/system/libcopyfile.dylib
0x00007fff6a844000 	/usr/lib/system/libcorecrypto.dylib
0x00007fff6a94f000 	/usr/lib/system/libdispatch.dylib
0x00007fff6a989000 	/usr/lib/system/libdyld.dylib
0x00007fff6a9b6000 	/usr/lib/system/libkeymgr.dylib
0x00007fff6a9c4000 	/usr/lib/system/liblaunch.dylib
0x00007fff6a9c5000 	/usr/lib/system/libmacho.dylib
0x00007fff6a9cb000 	/usr/lib/system/libquarantine.dylib
0x00007fff6a9ce000 	/usr/lib/system/libremovefile.dylib
0x00007fff6a9d0000 	/usr/lib/system/libsystem_asl.dylib
0x00007fff6a9e8000 	/usr/lib/system/libsystem_blocks.dylib
0x00007fff6a9e9000 	/usr/lib/system/libsystem_c.dylib
0x00007fff6aa71000 	/usr/lib/system/libsystem_configuration.dylib
0x00007fff6aa75000 	/usr/lib/system/libsystem_coreservices.dylib
0x00007fff6aa79000 	/usr/lib/system/libsystem_darwin.dylib
0x00007fff6aa80000 	/usr/lib/system/libsystem_dnssd.dylib
0x00007fff6aa87000 	/usr/lib/system/libsystem_info.dylib
0x00007fff6aafc000 	/usr/lib/system/libsystem_m.dylib
0x00007fff6ab48000 	/usr/lib/system/libsystem_malloc.dylib
0x00007fff6ab73000 	/usr/lib/system/libsystem_networkextension.dylib
0x00007fff6ab7e000 	/usr/lib/system/libsystem_notify.dylib
0x00007fff6ab9b000 	/usr/lib/system/libsystem_sandbox.dylib
0x00007fff6ab9f000 	/usr/lib/system/libsystem_secinit.dylib
0x00007fff6aad3000 	/usr/lib/system/libsystem_kernel.dylib
0x00007fff6ab86000 	/usr/lib/system/libsystem_platform.dylib
0x00007fff6ab90000 	/usr/lib/system/libsystem_pthread.dylib
0x00007fff6aba2000 	/usr/lib/system/libsystem_symptoms.dylib
0x00007fff6abaa000 	/usr/lib/system/libsystem_trace.dylib
0x00007fff6abc1000 	/usr/lib/system/libunwind.dylib
0x00007fff6abc7000 	/usr/lib/system/libxpc.dylib
0x00007fff67ba9000 	/usr/lib/libbsm.0.dylib
0x00007fff6a9b7000 	/usr/lib/system/libkxld.dylib
0x00007fff4eb4c000 	/System/Library/PrivateFrameworks/AppleFSCompression.framework/Versions/A/AppleFSCompression
0x00007fff67843000 	/usr/lib/libOpenScriptingUtil.dylib
0x00007fff67ed1000 	/usr/lib/libcoretls.dylib
0x00007fff67ee8000 	/usr/lib/libcoretls_cfhelpers.dylib
0x00007fff69953000 	/usr/lib/libpam.2.dylib
0x00007fff69b13000 	/usr/lib/libsqlite3.dylib
0x00007fff69f0d000 	/usr/lib/libxar.1.dylib
0x00007fff67bba000 	/usr/lib/libbz2.1.0.dylib
0x00007fff68928000 	/usr/lib/liblzma.5.dylib
0x00007fff68dd9000 	/usr/lib/libnetwork.dylib
0x00007fff67a13000 	/usr/lib/libapple_nghttp2.dylib
0x00007fff6995a000 	/usr/lib/libpcap.A.dylib
0x00007fff3fff4000 	/System/Library/Frameworks/CoreServices.framework/Versions/A/Frameworks/FSEvents.framework/Versions/A/FSEvents
0x00007fff3fcd3000 	/System/Library/Frameworks/CoreServices.framework/Versions/A/Frameworks/CarbonCore.framework/Versions/A/CarbonCore
0x00007fff401af000 	/System/Library/Frameworks/CoreServices.framework/Versions/A/Frameworks/Metadata.framework/Versions/A/Metadata
0x00007fff4024e000 	/System/Library/Frameworks/CoreServices.framework/Versions/A/Frameworks/OSServices.framework/Versions/A/OSServices
0x00007fff40299000 	/System/Library/Frameworks/CoreServices.framework/Versions/A/Frameworks/SearchKit.framework/Versions/A/SearchKit
0x00007fff3fc56000 	/System/Library/Frameworks/CoreServices.framework/Versions/A/Frameworks/AE.framework/Versions/A/AE
0x00007fff3fffd000 	/System/Library/Frameworks/CoreServices.framework/Versions/A/Frameworks/LaunchServices.framework/Versions/A/LaunchServices
0x00007fff3ffab000 	/System/Library/Frameworks/CoreServices.framework/Versions/A/Frameworks/DictionaryServices.framework/Versions/A/DictionaryServices
0x00007fff40301000 	/System/Library/Frameworks/CoreServices.framework/Versions/A/Frameworks/SharedFileList.framework/Versions/A/SharedFileList
0x00007fff4466c000 	/System/Library/Frameworks/NetFS.framework/Versions/A/NetFS
0x00007fff5d7ef000 	/System/Library/PrivateFrameworks/NetAuth.framework/Versions/A/NetAuth
0x00007fff671a8000 	/System/Library/PrivateFrameworks/login.framework/Versions/A/Frameworks/loginsupport.framework/Versions/A/loginsupport
0x00007fff652c8000 	/System/Library/PrivateFrameworks/TCC.framework/Versions/A/TCC
0x00007fff52766000 	/System/Library/PrivateFrameworks/CoreNLP.framework/Versions/A/CoreNLP
0x00007fff5d284000 	/System/Library/PrivateFrameworks/MetadataUtilities.framework/Versions/A/MetadataUtilities
0x00007fff689fd000 	/usr/lib/libmecabra.dylib
0x00007fff3ce1c000 	/System/Library/Frameworks/ApplicationServices.framework/Versions/A/Frameworks/ATS.framework/Versions/A/ATS
0x00007fff3d16b000 	/System/Library/Frameworks/ApplicationServices.framework/Versions/A/Frameworks/ColorSyncLegacy.framework/Versions/A/ColorSyncLegacy
0x00007fff3d20a000 	/System/Library/Frameworks/ApplicationServices.framework/Versions/A/Frameworks/HIServices.framework/Versions/A/HIServices
0x00007fff3d25d000 	/System/Library/Frameworks/ApplicationServices.framework/Versions/A/Frameworks/LangAnalysis.framework/Versions/A/LangAnalysis
0x00007fff3d26d000 	/System/Library/Frameworks/ApplicationServices.framework/Versions/A/Frameworks/PrintCore.framework/Versions/A/PrintCore
0x00007fff3d2b7000 	/System/Library/Frameworks/ApplicationServices.framework/Versions/A/Frameworks/QD.framework/Versions/A/QD
0x00007fff3d2f1000 	/System/Library/Frameworks/ApplicationServices.framework/Versions/A/Frameworks/SpeechSynthesis.framework/Versions/A/SpeechSynthesis
0x00007fff67c44000 	/usr/lib/libcompression.dylib
0x00007fff43874000 	/System/Library/Frameworks/MetalPerformanceShaders.framework/Versions/A/MetalPerformanceShaders
0x00007fff3adf8000 	/System/Library/Frameworks/Accelerate.framework/Versions/A/Frameworks/vImage.framework/Versions/A/vImage
0x00007fff3be72000 	/System/Library/Frameworks/Accelerate.framework/Versions/A/Frameworks/vecLib.framework/Versions/A/vecLib
0x00007fff3bdbe000 	/System/Library/Frameworks/Accelerate.framework/Versions/A/Frameworks/vecLib.framework/Versions/A/libvMisc.dylib
0x00007fff3bbd6000 	/System/Library/Frameworks/Accelerate.framework/Versions/A/Frameworks/vecLib.framework/Versions/A/libvDSP.dylib
0x00007fff3b492000 	/System/Library/Frameworks/Accelerate.framework/Versions/A/Frameworks/vecLib.framework/Versions/A/libBLAS.dylib
0x00007fff3b77f000 	/System/Library/Frameworks/Accelerate.framework/Versions/A/Frameworks/vecLib.framework/Versions/A/libLAPACK.dylib
0x00007fff3bb29000 	/System/Library/Frameworks/Accelerate.framework/Versions/A/Frameworks/vecLib.framework/Versions/A/libLinearAlgebra.dylib
0x00007fff3bbc2000 	/System/Library/Frameworks/Accelerate.framework/Versions/A/Frameworks/vecLib.framework/Versions/A/libSparseBLAS.dylib
0x00007fff3bb3f000 	/System/Library/Frameworks/Accelerate.framework/Versions/A/Frameworks/vecLib.framework/Versions/A/libQuadrature.dylib
0x00007fff3b70c000 	/System/Library/Frameworks/Accelerate.framework/Versions/A/Frameworks/vecLib.framework/Versions/A/libBNNS.dylib
0x00007fff3bb45000 	/System/Library/Frameworks/Accelerate.framework/Versions/A/Frameworks/vecLib.framework/Versions/A/libSparse.dylib
0x00007fff59ab4000 	/System/Library/PrivateFrameworks/GPUWrangler.framework/Versions/A/GPUWrangler
0x00007fff5bdb3000 	/System/Library/PrivateFrameworks/IOAccelerator.framework/Versions/A/IOAccelerator
0x00007fff5bdbe000 	/System/Library/PrivateFrameworks/IOPresentment.framework/Versions/A/IOPresentment
0x00007fff5353e000 	/System/Library/PrivateFrameworks/DSExternalDisplay.framework/Versions/A/DSExternalDisplay
0x00007fff47ae8000 	/System/Library/Frameworks/OpenGL.framework/Versions/A/Libraries/libCoreFSCache.dylib
0x00007fff43668000 	/System/Library/Frameworks/MetalPerformanceShaders.framework/Frameworks/MPSCore.framework/Versions/A/MPSCore
0x00007fff43688000 	/System/Library/Frameworks/MetalPerformanceShaders.framework/Frameworks/MPSImage.framework/Versions/A/MPSImage
0x00007fff4372d000 	/System/Library/Frameworks/MetalPerformanceShaders.framework/Frameworks/MPSNeuralNetwork.framework/Versions/A/MPSNeuralNetwork
0x00007fff43705000 	/System/Library/Frameworks/MetalPerformanceShaders.framework/Frameworks/MPSMatrix.framework/Versions/A/MPSMatrix
0x00007fff43859000 	/System/Library/Frameworks/MetalPerformanceShaders.framework/Frameworks/MPSRayIntersector.framework/Versions/A/MPSRayIntersector
0x00007fff5d2ad000 	/System/Library/PrivateFrameworks/MetalTools.framework/Versions/A/MetalTools
0x00007fff4e3f6000 	/System/Library/PrivateFrameworks/AggregateDictionary.framework/Versions/A/AggregateDictionary
0x00007fff67823000 	/usr/lib/libMobileGestalt.dylib
0x00007fff40790000 	/System/Library/Frameworks/CoreVideo.framework/Versions/A/CoreVideo
0x00007fff5a8c5000 	/System/Library/PrivateFrameworks/GraphVisualizer.framework/Versions/A/GraphVisualizer
0x00007fff54744000 	/System/Library/PrivateFrameworks/FaceCore.framework/Versions/A/FaceCore
0x00007fff47116000 	/System/Library/Frameworks/OpenCL.framework/Versions/A/OpenCL
0x00007fff6757b000 	/usr/lib/libFosl_dynamic.dylib
0x00007fff5e05a000 	/System/Library/PrivateFrameworks/OTSVG.framework/Versions/A/OTSVG
0x00007fff3cf20000 	/System/Library/Frameworks/ApplicationServices.framework/Versions/A/Frameworks/ATS.framework/Versions/A/Resources/libFontParser.dylib
0x00007fff3d038000 	/System/Library/Frameworks/ApplicationServices.framework/Versions/A/Frameworks/ATS.framework/Versions/A/Resources/libFontRegistry.dylib
0x00007fff4169d000 	/System/Library/Frameworks/ImageIO.framework/Versions/A/Resources/libJPEG.dylib
0x00007fff419af000 	/System/Library/Frameworks/ImageIO.framework/Versions/A/Resources/libTIFF.dylib
0x00007fff41985000 	/System/Library/Frameworks/ImageIO.framework/Versions/A/Resources/libPng.dylib
0x00007fff415bb000 	/System/Library/Frameworks/ImageIO.framework/Versions/A/Resources/libGIF.dylib
0x00007fff415c0000 	/System/Library/Frameworks/ImageIO.framework/Versions/A/Resources/libJP2.dylib
0x00007fff419ac000 	/System/Library/Frameworks/ImageIO.framework/Versions/A/Resources/libRadiance.dylib
0x00007fff4eca3000 	/System/Library/PrivateFrameworks/AppleJPEG.framework/Versions/A/AppleJPEG
0x00007fff47af3000 	/System/Library/Frameworks/OpenGL.framework/Versions/A/Libraries/libGFXShared.dylib
0x00007fff47cb6000 	/System/Library/Frameworks/OpenGL.framework/Versions/A/Libraries/libGLU.dylib
0x00007fff47afc000 	/System/Library/Frameworks/OpenGL.framework/Versions/A/Libraries/libGL.dylib
0x00007fff47b08000 	/System/Library/Frameworks/OpenGL.framework/Versions/A/Libraries/libGLImage.dylib
0x00007fff47ae5000 	/System/Library/Frameworks/OpenGL.framework/Versions/A/Libraries/libCVMSPluginSupport.dylib
0x00007fff47aee000 	/System/Library/Frameworks/OpenGL.framework/Versions/A/Libraries/libCoreVMClient.dylib
0x00007fff68395000 	/usr/lib/libcups.2.dylib
0x00007fff42b6f000 	/System/Library/Frameworks/Kerberos.framework/Versions/A/Kerberos
0x00007fff4109e000 	/System/Library/Frameworks/GSS.framework/Versions/A/GSS
0x00007fff69aa8000 	/usr/lib/libresolv.9.dylib
0x00007fff68587000 	/usr/lib/libiconv.2.dylib
0x00007fff5aa3a000 	/System/Library/PrivateFrameworks/Heimdal.framework/Versions/A/Heimdal
0x00007fff68557000 	/usr/lib/libheimdal-asn1.dylib
0x00007fff4718a000 	/System/Library/Frameworks/OpenDirectory.framework/Versions/A/OpenDirectory
0x00007fff514c9000 	/System/Library/PrivateFrameworks/CommonAuth.framework/Versions/A/CommonAuth
0x00007fff4716e000 	/System/Library/Frameworks/OpenDirectory.framework/Versions/A/Frameworks/CFOpenDirectory.framework/Versions/A/CFOpenDirectory
0x00007fff4a238000 	/System/Library/Frameworks/SecurityFoundation.framework/Versions/A/SecurityFoundation
0x00007fff4d93c000 	/System/Library/PrivateFrameworks/APFS.framework/Versions/A/APFS
0x00007fff69f09000 	/usr/lib/libutil.dylib
0x00007fff67c32000 	/usr/lib/libcharset.1.dylib
0x00007fff4ef40000 	/System/Library/PrivateFrameworks/AppleSauce.framework/Versions/A/AppleSauce
0x00007fff4f0c1000 	/System/Library/PrivateFrameworks/AssertionServices.framework/Versions/A/AssertionServices
0x00007fff4f7f1000 	/System/Library/PrivateFrameworks/BaseBoard.framework/Versions/A/BaseBoard
0x00007fff68958000 	/usr/lib/libmecab.1.0.0.dylib
0x00007fff68551000 	/usr/lib/libgermantok.dylib
0x00007fff67a00000 	/usr/lib/libThaiTokenizer.dylib
0x00007fff674ab000 	/usr/lib/libChineseTokenizer.dylib
0x00007fff5c46b000 	/System/Library/PrivateFrameworks/LanguageModeling.framework/Versions/A/LanguageModeling
0x00007fff521ab000 	/System/Library/PrivateFrameworks/CoreEmoji.framework/Versions/A/CoreEmoji
0x00007fff5c547000 	/System/Library/PrivateFrameworks/Lexicon.framework/Versions/A/Lexicon
0x00007fff5c58a000 	/System/Library/PrivateFrameworks/LinguisticData.framework/Versions/A/LinguisticData
0x00007fff67c33000 	/usr/lib/libcmph.dylib
0x00007fff4a2f6000 	/System/Library/Frameworks/ServiceManagement.framework/Versions/A/ServiceManagement
0x00007fff4f752000 	/System/Library/PrivateFrameworks/BackgroundTaskManagement.framework/Versions/A/BackgroundTaskManagement
0x00007fff6a003000 	/usr/lib/libxslt.1.dylib
0x00007fff3df8e000 	/System/Library/Frameworks/Carbon.framework/Versions/A/Frameworks/Ink.framework/Versions/A/Ink
0x00007fff6553a000 	/System/Library/PrivateFrameworks/TextureIO.framework/Versions/A/TextureIO
0x00007fff67a54000 	/usr/lib/libate.dylib
0x00007fff5348d000 	/System/Library/PrivateFrameworks/CrashReporterSupport.framework/Versions/A/CrashReporterSupport
0x00007fff62c74000 	/System/Library/PrivateFrameworks/Sharing.framework/Versions/A/Sharing
0x00007fff4f4a4000 	/System/Library/PrivateFrameworks/AuthKit.framework/Versions/A/AuthKit
0x00007fff4e9f8000 	/System/Library/PrivateFrameworks/Apple80211.framework/Versions/A/Apple80211
0x00007fff53235000 	/System/Library/PrivateFrameworks/CoreUtils.framework/Versions/A/CoreUtils
0x00007fff407d1000 	/System/Library/Frameworks/CoreWLAN.framework/Versions/A/CoreWLAN
0x00007fff411cd000 	/System/Library/Frameworks/IOBluetooth.framework/Versions/A/IOBluetooth
0x00007fff610e4000 	/System/Library/PrivateFrameworks/ProtocolBuffer.framework/Versions/A/ProtocolBuffer
0x00007fff5d4e5000 	/System/Library/PrivateFrameworks/MobileKeyBag.framework/Versions/A/MobileKeyBag
0x00007fff52a79000 	/System/Library/PrivateFrameworks/CorePhoneNumbers.framework/Versions/A/CorePhoneNumbers
0x00007fff4ec57000 	/System/Library/PrivateFrameworks/AppleIDAuthSupport.framework/Versions/A/AppleIDAuthSupport
0x00007fff5c43e000 	/System/Library/PrivateFrameworks/KeychainCircle.framework/Versions/A/KeychainCircle
0x00007fff6129a000 	/System/Library/PrivateFrameworks/ROCKit.framework/Versions/A/ROCKit
0x00007fff53429000 	/System/Library/PrivateFrameworks/CoreWiFi.framework/Versions/A/CoreWiFi
0x00007fff3e55c000 	/System/Library/Frameworks/CoreBluetooth.framework/Versions/A/CoreBluetooth
0x00007fff53684000 	/System/Library/PrivateFrameworks/DebugSymbols.framework/Versions/A/DebugSymbols
0x00007fff52ff5000 	/System/Library/PrivateFrameworks/CoreSymbolication.framework/Versions/A/CoreSymbolication
0x00007fff64d55000 	/System/Library/PrivateFrameworks/Symbolication.framework/Versions/A/Symbolication
0x00007fff645f8000 	/System/Library/PrivateFrameworks/SpeechRecognitionCore.framework/Versions/A/SpeechRecognitionCore
0x0000000105c00000 	/Library/Java/JavaVirtualMachines/jdk-10.0.2.jdk/Contents/Home/lib/server/libjvm.dylib
0x00007fff69de4000 	/usr/lib/libstdc++.6.dylib
0x0000000104bec000 	/Library/Java/JavaVirtualMachines/jdk-10.0.2.jdk/Contents/Home/lib/libverify.dylib
0x00000001069a0000 	/Library/Java/JavaVirtualMachines/jdk-10.0.2.jdk/Contents/Home/lib/libjava.dylib
0x00000001069ea000 	/Library/Java/JavaVirtualMachines/jdk-10.0.2.jdk/Contents/Home/lib/libinstrument.dylib
0x0000000106a7e000 	/Library/Java/JavaVirtualMachines/jdk-10.0.2.jdk/Contents/Home/lib/libzip.dylib
0x0000000106a86000 	/Library/Java/JavaVirtualMachines/jdk-10.0.2.jdk/Contents/Home/lib/libjimage.dylib
0x000000011015b000 	/Library/Java/JavaVirtualMachines/jdk-10.0.2.jdk/Contents/Home/lib/libnio.dylib
0x000000011016b000 	/Library/Java/JavaVirtualMachines/jdk-10.0.2.jdk/Contents/Home/lib/./libnet.dylib
0x000000010ff95000 	/Library/Java/JavaVirtualMachines/jdk-10.0.2.jdk/Contents/Home/lib/libprism_es2.dylib
0x00007fff52bfd000 	/System/Library/PrivateFrameworks/CoreServicesInternal.framework/Versions/A/CoreServicesInternal
0x00007fff486a1000 	/System/Library/Frameworks/OpenGL.framework/Versions/A/Resources/GLEngine.bundle/GLEngine
0x00007fff47b43000 	/System/Library/Frameworks/OpenGL.framework/Versions/A/Libraries/libGLProgrammability.dylib
0x00007fff371cf000 	/System/Library/Extensions/AppleIntelKBLGraphicsGLDriver.bundle/Contents/MacOS/AppleIntelKBLGraphicsGLDriver
0x00007fff59aa8000 	/System/Library/PrivateFrameworks/GPUSupport.framework/Versions/A/Libraries/libGPUSupportMercury.dylib
0x00007fff48839000 	/System/Library/Frameworks/OpenGL.framework/Versions/A/Resources/GLRendererFloat.bundle/GLRendererFloat
0x00007fff4710d000 	/System/Library/Frameworks/OpenCL.framework/Versions/A/Libraries/libcldcpuengine.dylib
0x00007fff68087000 	/usr/lib/libcrypto.35.dylib
0x00007fff656b8000 	/System/Library/PrivateFrameworks/TrustEvaluationAgent.framework/Versions/A/TrustEvaluationAgent
0x000000012efe7000 	/Library/Java/JavaVirtualMachines/jdk-10.0.2.jdk/Contents/Home/lib/libglass.dylib
0x00007fff33161000 	/System/Library/CoreServices/RawCamera.bundle/Contents/MacOS/RawCamera
0x00007fff5d351000 	/System/Library/PrivateFrameworks/MobileAsset.framework/Versions/A/MobileAsset
0x00007fff64ca3000 	/System/Library/PrivateFrameworks/StreamingZip.framework/Versions/A/StreamingZip
0x00007fff42efc000 	/System/Library/Frameworks/MediaToolbox.framework/Versions/A/MediaToolbox
0x00007fff51d4f000 	/System/Library/PrivateFrameworks/CoreAVCHD.framework/Versions/A/CoreAVCHD
0x00007fff42e42000 	/System/Library/Frameworks/MediaAccessibility.framework/Versions/A/MediaAccessibility
0x00007fff5cdad000 	/System/Library/PrivateFrameworks/Mangrove.framework/Versions/A/Mangrove
0x00007fff3faf4000 	/System/Library/Frameworks/CoreMedia.framework/Versions/A/CoreMedia
0x00007fff4a95f000 	/System/Library/Frameworks/VideoToolbox.framework/Versions/A/VideoToolbox
0x00007fff5196b000 	/System/Library/PrivateFrameworks/CoreAUC.framework/Versions/A/CoreAUC
0x00007fff69b11000 	/usr/lib/libspindump.dylib
0x00007fff4f026000 	/System/Library/PrivateFrameworks/AppleVA.framework/Versions/A/AppleVA
0x00007fff3ade1000 	/System/Library/Frameworks/Accelerate.framework/Versions/A/Frameworks/vImage.framework/Versions/A/Libraries/libCGInterfaces.dylib
0x00007fff664f3000 	/System/Library/PrivateFrameworks/ViewBridge.framework/Versions/A/ViewBridge
0x000000010ff7e000 	/Library/Java/JavaVirtualMachines/jdk-10.0.2.jdk/Contents/Home/lib/libmanagement.dylib
0x000000010fef2000 	/Library/Java/JavaVirtualMachines/jdk-10.0.2.jdk/Contents/Home/lib/libmanagement_ext.dylib
0x00007fff3d0d4000 	/System/Library/Frameworks/ApplicationServices.framework/Versions/A/Frameworks/ATS.framework/Versions/A/Resources/libTrueTypeScaler.dylib
0x00007fff37fa3000 	/System/Library/Extensions/AppleIntelKBLGraphicsMTLDriver.bundle/Contents/MacOS/AppleIntelKBLGraphicsMTLDriver
0x00007fff58413000 	/System/Library/PrivateFrameworks/GPUCompiler.framework/Versions/3902/Libraries/libmetal_timestamp.dylib
0x0000000110020000 	/Library/Java/JavaVirtualMachines/jdk-10.0.2.jdk/Contents/Home/lib/libsunec.dylib
0x000000013308f000 	/Library/Java/JavaVirtualMachines/jdk-10.0.2.jdk/Contents/Home/lib/libawt.dylib
0x000000012ecd8000 	/Library/Java/JavaVirtualMachines/jdk-10.0.2.jdk/Contents/Home/lib/./libmlib_image.dylib
0x00007fff42b58000 	/System/Library/Frameworks/JavaVM.framework/Versions/A/Frameworks/JavaNativeFoundation.framework/Versions/A/JavaNativeFoundation
0x00007fff42b61000 	/System/Library/Frameworks/JavaVM.framework/Versions/A/Frameworks/JavaRuntimeSupport.framework/Versions/A/JavaRuntimeSupport
0x00007fff42b6a000 	/System/Library/Frameworks/JavaVM.framework/Versions/A/JavaVM
0x00007fff5c35d000 	/System/Library/PrivateFrameworks/JavaLaunching.framework/Versions/A/JavaLaunching
0x00007fff3dc87000 	/System/Library/Frameworks/Carbon.framework/Versions/A/Carbon
0x00007fff3dc88000 	/System/Library/Frameworks/Carbon.framework/Versions/A/Frameworks/CommonPanels.framework/Versions/A/CommonPanels
0x00007fff3df84000 	/System/Library/Frameworks/Carbon.framework/Versions/A/Frameworks/Help.framework/Versions/A/Help
0x00007fff3df88000 	/System/Library/Frameworks/Carbon.framework/Versions/A/Frameworks/ImageCapture.framework/Versions/A/ImageCapture
0x00007fff3e024000 	/System/Library/Frameworks/Carbon.framework/Versions/A/Frameworks/OpenScripting.framework/Versions/A/OpenScripting
0x00007fff3e05c000 	/System/Library/Frameworks/Carbon.framework/Versions/A/Frameworks/Print.framework/Versions/A/Print
0x00007fff3e05e000 	/System/Library/Frameworks/Carbon.framework/Versions/A/Frameworks/SecurityHI.framework/Versions/A/SecurityHI
0x0000000133339000 	/Library/Java/JavaVirtualMachines/jdk-10.0.2.jdk/Contents/Home/lib/libawt_lwawt.dylib
0x0000000132ac2000 	/Library/Java/JavaVirtualMachines/jdk-10.0.2.jdk/Contents/Home/lib/./libosxapp.dylib
0x00007fff40c5b000 	/System/Library/Frameworks/ExceptionHandling.framework/Versions/A/ExceptionHandling
0x0000000132c2e000 	/Library/Java/JavaVirtualMachines/jdk-10.0.2.jdk/Contents/Home/lib/libfontmanager.dylib
0x0000000110017000 	/Library/Java/JavaVirtualMachines/jdk-10.0.2.jdk/Contents/Home/lib/libosxui.dylib
0x0000000110048000 	/usr/lib/libobjc-trampolines.dylib
0x0000000132b6d000 	/Library/Java/JavaVirtualMachines/jdk-10.0.2.jdk/Contents/Home/lib/libjavafx_font.dylib


VM Arguments:
jvm_args: -javaagent:/Applications/IntelliJ IDEA.app/Contents/lib/idea_rt.jar=58934:/Applications/IntelliJ IDEA.app/Contents/bin -Dfile.encoding=UTF-8 
java_command: main.java.upa.Main
java_class_path (initial): /Users/jakub/Downloads/skola/UPA/upa-project/app/Kataster/out/production/Kataster:/Users/jakub/Downloads/skola/UPA/upa-project/app/Kataster/src/lib/ojdbc10.jar:/Users/jakub/Downloads/skola/UPA/upa-project/app/Kataster/src/lib/ordim.jar:/Users/jakub/Downloads/skola/UPA/upa-project/app/Kataster/src/lib/sdoapi.jar
Launcher Type: SUN_STANDARD

Logging:
Log output configuration:
#0: stdout all=warning uptime,level,tags
#1: stderr all=off uptime,level,tags

Environment Variables:
PATH=/usr/local/git/bin:/sw/bin/:/usr/local/bin:/usr/local/:/usr/local/sbin:/usr/local/mysql/bin:/usr/local/bin:/usr/bin:/bin:/usr/sbin:/sbin:/usr/local/share/dotnet:~/.dotnet/tools:/Library/Frameworks/Mono.framework/Versions/Current/Commands:/Applications/Wireshark.app/Contents/MacOS:/usr/local/bin/
SHELL=/bin/bash

Signal Handlers:
SIGSEGV: [libjvm.dylib+0x79ac14], sa_mask[0]=11111111011111110111111111111111, sa_flags=SA_ONSTACK|SA_RESTART|SA_SIGINFO
SIGBUS: [libjvm.dylib+0x79ac14], sa_mask[0]=11111111011111110111111111111111, sa_flags=SA_RESTART|SA_SIGINFO
SIGFPE: [libjvm.dylib+0x79ac14], sa_mask[0]=11111111011111110111111111111111, sa_flags=SA_RESTART|SA_SIGINFO
SIGPIPE: [libjvm.dylib+0x635960], sa_mask[0]=11111111011111110111111111111111, sa_flags=SA_RESTART|SA_SIGINFO
SIGXFSZ: [libjvm.dylib+0x635960], sa_mask[0]=11111111011111110111111111111111, sa_flags=SA_RESTART|SA_SIGINFO
SIGILL: [libjvm.dylib+0x79ac14], sa_mask[0]=11111111011111110111111111111111, sa_flags=SA_RESTART|SA_SIGINFO
SIGUSR2: [libjvm.dylib+0x6361f0], sa_mask[0]=00100000000000000000000000000000, sa_flags=SA_RESTART|SA_SIGINFO
SIGHUP: [libjvm.dylib+0x6349db], sa_mask[0]=11111111011111110111111111111111, sa_flags=SA_RESTART|SA_SIGINFO
SIGINT: [libjvm.dylib+0x6349db], sa_mask[0]=11111111011111110111111111111111, sa_flags=SA_RESTART|SA_SIGINFO
SIGTERM: [libjvm.dylib+0x6349db], sa_mask[0]=11111111011111110111111111111111, sa_flags=SA_RESTART|SA_SIGINFO
SIGQUIT: [libjvm.dylib+0x6349db], sa_mask[0]=11111111011111110111111111111111, sa_flags=SA_RESTART|SA_SIGINFO


---------------  S Y S T E M  ---------------

OS:uname:Darwin 18.7.0 Darwin Kernel Version 18.7.0: Sun Dec  1 18:59:03 PST 2019; root:xnu-4903.278.19~1/RELEASE_X86_64 x86_64
rlimit: STACK 8192k, CORE 0k, NPROC 1418, NOFILE 10240, AS infinity, DATA infinity, FSIZE infinity
load average:2.39 2.33 2.10

CPU:total 8 (initial active 8) (4 cores per cpu, 2 threads per core) family 6 model 142 stepping 10, cmov, cx8, fxsr, mmx, sse, sse2, sse3, ssse3, sse4.1, sse4.2, popcnt, avx, avx2, aes, clmul, erms, 3dnowpref, lzcnt, ht, tsc, tscinvbit, bmi1, bmi2, adx, fma

Memory: 4k page, physical 16777216k(2431172k free)

vm_info: Java HotSpot(TM) 64-Bit Server VM (10.0.2+13) for bsd-amd64 JRE (10.0.2+13), built on Jun 28 2018 00:49:51 by "mach5one" with gcc 4.2.1 Compatible Apple LLVM 6.1.0 (clang-602.0.49)

END.
